This is pdfTeX, Version 3.14159265-2.6-1.40.18 (TeX Live 2017/W32TeX) (preloaded format=pdflatex 2017.6.11)  29 JUL 2017 10:28
entering extended mode
 restricted \write18 enabled.
 %&-line parsing enabled.
**./guide_app_database_intro.tex
(./guide_app_database_intro.tex
LaTeX2e <2017-04-15>
Babel <3.10> and hyphenation patterns for 84 language(s) loaded.
! Undefined control sequence.
l.1 \chapter
            {Database Theory (Basics)}
The control sequence at the end of the top line
of your error message was never \def'ed. If you have
misspelled it (e.g., `\hobx'), type `I' and the correct
spelling (e.g., `I\hbox'). Otherwise just continue,
and I'll forget about whatever was undefined.


! LaTeX Error: Missing \begin{document}.

See the LaTeX manual or LaTeX Companion for explanation.
Type  H <return>  for immediate help.
 ...                                              
                                                  
l.1 \chapter{D
              atabase Theory (Basics)}
You're in trouble here.  Try typing  <return>  to proceed.
If that doesn't work, type  X <return>  to quit.

Missing character: There is no D in font nullfont!
Missing character: There is no a in font nullfont!
Missing character: There is no t in font nullfont!
Missing character: There is no a in font nullfont!
Missing character: There is no b in font nullfont!
Missing character: There is no a in font nullfont!
Missing character: There is no s in font nullfont!
Missing character: There is no e in font nullfont!
Missing character: There is no T in font nullfont!
Missing character: There is no h in font nullfont!
Missing character: There is no e in font nullfont!
Missing character: There is no o in font nullfont!
Missing character: There is no r in font nullfont!
Missing character: There is no y in font nullfont!
Missing character: There is no ( in font nullfont!
Missing character: There is no B in font nullfont!
Missing character: There is no a in font nullfont!
Missing character: There is no s in font nullfont!
Missing character: There is no i in font nullfont!
Missing character: There is no c in font nullfont!
Missing character: There is no s in font nullfont!
Missing character: There is no ) in font nullfont!
! Undefined control sequence.
l.2 \paragraph
              *{\textnormal{This chapter talks about the basic theory behind...
The control sequence at the end of the top line
of your error message was never \def'ed. If you have
misspelled it (e.g., `\hobx'), type `I' and the correct
spelling (e.g., `I\hbox'). Otherwise just continue,
and I'll forget about whatever was undefined.

Missing character: There is no * in font nullfont!
\citation{Found_DB}
! Undefined control sequence.
<write> ...: Citation `\@citeb ' on page \thepage 
                                                  \space undefined\on@line .
l.2 ...in this chapter, we refer \cite{Found_DB}.}
                                                  }
The control sequence at the end of the top line
of your error message was never \def'ed. If you have
misspelled it (e.g., `\hobx'), type `I' and the correct
spelling (e.g., `I\hbox'). Otherwise just continue,
and I'll forget about whatever was undefined.


LaTeX Warning: Citation `Found_DB' on page  undefined on input line 2.


Overfull \hbox (20.0pt too wide) in paragraph at lines 1--3
[]
 []


Overfull \hbox (19.50003pt too wide) in paragraph at lines 1--3
\OT1/cmr/m/n/10 This
 []


Overfull \hbox (23.61115pt too wide) in paragraph at lines 1--3
\OT1/cmr/m/n/10 chap-
 []


Overfull \hbox (12.25002pt too wide) in paragraph at lines 1--3
\OT1/cmr/m/n/10 ter
 []


Overfull \hbox (20.88895pt too wide) in paragraph at lines 1--3
\OT1/cmr/m/n/10 talks
 []


Overfull \hbox (25.27786pt too wide) in paragraph at lines 1--3
\OT1/cmr/m/n/10 about
 []


Overfull \hbox (13.88892pt too wide) in paragraph at lines 1--3
\OT1/cmr/m/n/10 the
 []


Overfull \hbox (13.88892pt too wide) in paragraph at lines 1--3
\OT1/cmr/m/n/10 ba-
 []


Overfull \hbox (11.16667pt too wide) in paragraph at lines 1--3
\OT1/cmr/m/n/10 sic
 []


Overfull \hbox (17.22224pt too wide) in paragraph at lines 1--3
\OT1/cmr/m/n/10 the-
 []


Overfull \hbox (14.19449pt too wide) in paragraph at lines 1--3
\OT1/cmr/m/n/10 ory
 []


Overfull \hbox (13.61113pt too wide) in paragraph at lines 1--3
\OT1/cmr/m/n/10 be-
 []


Overfull \hbox (19.4445pt too wide) in paragraph at lines 1--3
\OT1/cmr/m/n/10 hind
 []


Overfull \hbox (13.88892pt too wide) in paragraph at lines 1--3
\OT1/cmr/m/n/10 the
 []


Overfull \hbox (41.16676pt too wide) in paragraph at lines 1--3
\OT1/cmr/m/n/10 database.
 []


Overfull \hbox (13.8889pt too wide) in paragraph at lines 1--3
\OT1/cmr/m/n/10 We
 []


Overfull \hbox (20.63893pt too wide) in paragraph at lines 1--3
\OT1/cmr/m/n/10 start
 []


Overfull \hbox (19.44449pt too wide) in paragraph at lines 1--3
\OT1/cmr/m/n/10 with
 []


Overfull \hbox (18.33336pt too wide) in paragraph at lines 1--3
\OT1/cmr/m/n/10 con-
 []


Overfull \hbox (22.2778pt too wide) in paragraph at lines 1--3
\OT1/cmr/m/n/10 cepts
 []


Overfull \hbox (8.33336pt too wide) in paragraph at lines 1--3
\OT1/cmr/m/n/10 in
 []


Overfull \hbox (17.30559pt too wide) in paragraph at lines 1--3
\OT1/cmr/m/n/10 first
 []


Overfull \hbox (12.25002pt too wide) in paragraph at lines 1--3
\OT1/cmr/m/n/10 or-
 []


Overfull \hbox (13.91669pt too wide) in paragraph at lines 1--3
\OT1/cmr/m/n/10 der
 []


Overfull \hbox (50.83347pt too wide) in paragraph at lines 1--3
\OT1/cmr/m/n/10 logic(FOL),
 []


Overfull \hbox (16.11116pt too wide) in paragraph at lines 1--3
\OT1/cmr/m/n/10 and
 []


Overfull \hbox (19.44449pt too wide) in paragraph at lines 1--3
\OT1/cmr/m/n/10 then
 []


Overfull \hbox (11.38889pt too wide) in paragraph at lines 1--3
\OT1/cmr/m/n/10 we
 []


Overfull \hbox (22.22229pt too wide) in paragraph at lines 1--3
\OT1/cmr/m/n/10 build
 []


Overfull \hbox (30.36115pt too wide) in paragraph at lines 1--3
\OT1/cmr/m/n/10 queries
 []


Overfull \hbox (12.83334pt too wide) in paragraph at lines 1--3
\OT1/cmr/m/n/10 us-
 []


Overfull \hbox (13.33337pt too wide) in paragraph at lines 1--3
\OT1/cmr/m/n/10 ing
 []


Overfull \hbox (13.88892pt too wide) in paragraph at lines 1--3
\OT1/cmr/m/n/10 the
 []


Overfull \hbox (17.30559pt too wide) in paragraph at lines 1--3
\OT1/cmr/m/n/10 first
 []


Overfull \hbox (12.25002pt too wide) in paragraph at lines 1--3
\OT1/cmr/m/n/10 or-
 []


Overfull \hbox (13.91669pt too wide) in paragraph at lines 1--3
\OT1/cmr/m/n/10 der
 []


Overfull \hbox (22.77783pt too wide) in paragraph at lines 1--3
\OT1/cmr/m/n/10 logic.
 []


Overfull \hbox (26.27783pt too wide) in paragraph at lines 1--3
\OT1/cmr/m/n/10 Later,
 []


Overfull \hbox (11.38889pt too wide) in paragraph at lines 1--3
\OT1/cmr/m/n/10 we
 []


Overfull \hbox (15.55559pt too wide) in paragraph at lines 1--3
\OT1/cmr/m/n/10 will
 []


Overfull \hbox (15.61113pt too wide) in paragraph at lines 1--3
\OT1/cmr/m/n/10 dis-
 []


Overfull \hbox (17.8889pt too wide) in paragraph at lines 1--3
\OT1/cmr/m/n/10 cuss
 []


Overfull \hbox (13.88892pt too wide) in paragraph at lines 1--3
\OT1/cmr/m/n/10 the
 []


Overfull \hbox (25.63893pt too wide) in paragraph at lines 1--3
\OT1/cmr/m/n/10 trans-
 []


Overfull \hbox (11.11113pt too wide) in paragraph at lines 1--3
\OT1/cmr/m/n/10 la-
 []


Overfull \hbox (17.22227pt too wide) in paragraph at lines 1--3
\OT1/cmr/m/n/10 tion
 []


Overfull \hbox (8.05559pt too wide) in paragraph at lines 1--3
\OT1/cmr/m/n/10 of
 []


Overfull \hbox (30.36115pt too wide) in paragraph at lines 1--3
\OT1/cmr/m/n/10 queries
 []


Overfull \hbox (20.30562pt too wide) in paragraph at lines 1--3
\OT1/cmr/m/n/10 from
 []


Overfull \hbox (19.58339pt too wide) in paragraph at lines 1--3
\OT1/cmr/m/n/10 SQL
 []


Overfull \hbox (8.88892pt too wide) in paragraph at lines 1--3
\OT1/cmr/m/n/10 to
 []


Overfull \hbox (17.30559pt too wide) in paragraph at lines 1--3
\OT1/cmr/m/n/10 first
 []


Overfull \hbox (12.25002pt too wide) in paragraph at lines 1--3
\OT1/cmr/m/n/10 or-
 []


Overfull \hbox (13.91669pt too wide) in paragraph at lines 1--3
\OT1/cmr/m/n/10 der
 []


Overfull \hbox (22.77783pt too wide) in paragraph at lines 1--3
\OT1/cmr/m/n/10 logic.
 []


Overfull \hbox (14.61115pt too wide) in paragraph at lines 1--3
\OT1/cmr/m/n/10 For
 []


Overfull \hbox (14.44447pt too wide) in paragraph at lines 1--3
\OT1/cmr/m/n/10 un-
 []


Overfull \hbox (17.25002pt too wide) in paragraph at lines 1--3
\OT1/cmr/m/n/10 der-
 []


Overfull \hbox (27.27783pt too wide) in paragraph at lines 1--3
\OT1/cmr/m/n/10 stand-
 []


Overfull \hbox (13.33337pt too wide) in paragraph at lines 1--3
\OT1/cmr/m/n/10 ing
 []


Overfull \hbox (13.88892pt too wide) in paragraph at lines 1--3
\OT1/cmr/m/n/10 the
 []


Overfull \hbox (13.88892pt too wide) in paragraph at lines 1--3
\OT1/cmr/m/n/10 ba-
 []


Overfull \hbox (11.16667pt too wide) in paragraph at lines 1--3
\OT1/cmr/m/n/10 sic
 []


Overfull \hbox (18.33336pt too wide) in paragraph at lines 1--3
\OT1/cmr/m/n/10 con-
 []


Overfull \hbox (22.2778pt too wide) in paragraph at lines 1--3
\OT1/cmr/m/n/10 cepts
 []


Overfull \hbox (8.05559pt too wide) in paragraph at lines 1--3
\OT1/cmr/m/n/10 of
 []


Overfull \hbox (42.33342pt too wide) in paragraph at lines 1--3
\OT1/cmr/m/n/10 databases
 []


Overfull \hbox (8.33336pt too wide) in paragraph at lines 1--3
\OT1/cmr/m/n/10 in
 []


Overfull \hbox (16.1667pt too wide) in paragraph at lines 1--3
\OT1/cmr/m/n/10 this
 []


Overfull \hbox (23.61115pt too wide) in paragraph at lines 1--3
\OT1/cmr/m/n/10 chap-
 []


Overfull \hbox (15.0278pt too wide) in paragraph at lines 1--3
\OT1/cmr/m/n/10 ter,
 []


Overfull \hbox (11.38889pt too wide) in paragraph at lines 1--3
\OT1/cmr/m/n/10 we
 []


Overfull \hbox (11.69444pt too wide) in paragraph at lines 1--3
\OT1/cmr/m/n/10 re-
 []


Overfull \hbox (11.41669pt too wide) in paragraph at lines 1--3
\OT1/cmr/m/n/10 fer
 []


Overfull \hbox (13.76389pt too wide) in paragraph at lines 1--3
\OT1/cmr/m/n/10 [[]]. 
 []

! Undefined control sequence.
l.4 \section
            {First Order Logic (FOL)}
The control sequence at the end of the top line
of your error message was never \def'ed. If you have
misspelled it (e.g., `\hobx'), type `I' and the correct
spelling (e.g., `I\hbox'). Otherwise just continue,
and I'll forget about whatever was undefined.


! LaTeX Error: Missing \begin{document}.

See the LaTeX manual or LaTeX Companion for explanation.
Type  H <return>  for immediate help.
 ...                                              
                                                  
l.4 \section{F
              irst Order Logic (FOL)}
You're in trouble here.  Try typing  <return>  to proceed.
If that doesn't work, type  X <return>  to quit.

Missing character: There is no F in font nullfont!
Missing character: There is no i in font nullfont!
Missing character: There is no r in font nullfont!
Missing character: There is no s in font nullfont!
Missing character: There is no t in font nullfont!
Missing character: There is no O in font nullfont!
Missing character: There is no r in font nullfont!
Missing character: There is no d in font nullfont!
Missing character: There is no e in font nullfont!
Missing character: There is no r in font nullfont!
Missing character: There is no L in font nullfont!
Missing character: There is no o in font nullfont!
Missing character: There is no g in font nullfont!
Missing character: There is no i in font nullfont!
Missing character: There is no c in font nullfont!
Missing character: There is no ( in font nullfont!
Missing character: There is no F in font nullfont!
Missing character: There is no O in font nullfont!
Missing character: There is no L in font nullfont!
Missing character: There is no ) in font nullfont!
! Undefined control sequence.
l.5 \paragraph
              *{\textnormal{}}
The control sequence at the end of the top line
of your error message was never \def'ed. If you have
misspelled it (e.g., `\hobx'), type `I' and the correct
spelling (e.g., `I\hbox'). Otherwise just continue,
and I'll forget about whatever was undefined.

Missing character: There is no * in font nullfont!
)
! Emergency stop.
<*> ./guide_app_database_intro.tex
                                  
*** (job aborted, no legal \end found)

 
Here is how much of TeX's memory you used:
 9 strings out of 492995
 239 string characters out of 6136402
 55074 words of memory out of 5000000
 3661 multiletter control sequences out of 15000+600000
 3948 words of font info for 15 fonts, out of 8000000 for 9000
 1141 hyphenation exceptions out of 8191
 19i,1n,22p,416b,126s stack positions out of 5000i,500n,10000p,200000b,80000s
!  ==> Fatal error occurred, no output PDF file produced!
