This is pdfTeX, Version 3.14159265-2.6-1.40.18 (TeX Live 2017/W32TeX) (preloaded format=pdflatex 2017.6.11)  28 SEP 2017 01:21
entering extended mode
 restricted \write18 enabled.
 %&-line parsing enabled.
**./guideFUB-basic.tex
(./guideFUB-basic.tex
LaTeX2e <2017-04-15>
Babel <3.10> and hyphenation patterns for 84 language(s) loaded.
(./fubcsdiss.cls
Document Class: fubcsdiss 2001/07/18 FUB-CS Dissertation Style
(c:/texlive/2017/texmf-dist/tex/latex/base/book.cls
Document Class: book 2014/09/29 v1.4h Standard LaTeX document class
(c:/texlive/2017/texmf-dist/tex/latex/base/bk12.clo
File: bk12.clo 2014/09/29 v1.4h Standard LaTeX file (size option)
)
\c@part=\count79
\c@chapter=\count80
\c@section=\count81
\c@subsection=\count82
\c@subsubsection=\count83
\c@paragraph=\count84
\c@subparagraph=\count85
\c@figure=\count86
\c@table=\count87
\abovecaptionskip=\skip41
\belowcaptionskip=\skip42
\bibindent=\dimen102
)
(c:/texlive/2017/texmf-dist/tex/latex/graphics/graphicx.sty
Package: graphicx 2014/10/28 v1.0g Enhanced LaTeX Graphics (DPC,SPQR)

(c:/texlive/2017/texmf-dist/tex/latex/graphics/keyval.sty
Package: keyval 2014/10/28 v1.15 key=value parser (DPC)
\KV@toks@=\toks14
)
(c:/texlive/2017/texmf-dist/tex/latex/graphics/graphics.sty
Package: graphics 2017/04/14 v1.1b Standard LaTeX Graphics (DPC,SPQR)

(c:/texlive/2017/texmf-dist/tex/latex/graphics/trig.sty
Package: trig 2016/01/03 v1.10 sin cos tan (DPC)
)
(c:/texlive/2017/texmf-dist/tex/latex/graphics-cfg/graphics.cfg
File: graphics.cfg 2016/06/04 v1.11 sample graphics configuration
)
Package graphics Info: Driver file: pdftex.def on input line 99.

(c:/texlive/2017/texmf-dist/tex/latex/graphics-def/pdftex.def
File: pdftex.def 2017/01/12 v0.06k Graphics/color for pdfTeX

(c:/texlive/2017/texmf-dist/tex/generic/oberdiek/infwarerr.sty
Package: infwarerr 2016/05/16 v1.4 Providing info/warning/error messages (HO)
)
(c:/texlive/2017/texmf-dist/tex/generic/oberdiek/ltxcmds.sty
Package: ltxcmds 2016/05/16 v1.23 LaTeX kernel commands for general use (HO)
)
\Gread@gobject=\count88
))
\Gin@req@height=\dimen103
\Gin@req@width=\dimen104
)
\@spacebeforechapterhead=\skip43
\@spaceinchapterhead=\skip44
\@spaceafterchapterhead=\skip45
\c@theorem=\count89
)
(c:/texlive/2017/texmf-dist/tex/latex/amsmath/amsmath.sty
Package: amsmath 2016/11/05 v2.16a AMS math features
\@mathmargin=\skip46

For additional information on amsmath, use the `?' option.
(c:/texlive/2017/texmf-dist/tex/latex/amsmath/amstext.sty
Package: amstext 2000/06/29 v2.01 AMS text

(c:/texlive/2017/texmf-dist/tex/latex/amsmath/amsgen.sty
File: amsgen.sty 1999/11/30 v2.0 generic functions
\@emptytoks=\toks15
\ex@=\dimen105
))
(c:/texlive/2017/texmf-dist/tex/latex/amsmath/amsbsy.sty
Package: amsbsy 1999/11/29 v1.2d Bold Symbols
\pmbraise@=\dimen106
)
(c:/texlive/2017/texmf-dist/tex/latex/amsmath/amsopn.sty
Package: amsopn 2016/03/08 v2.02 operator names
)
\inf@bad=\count90
LaTeX Info: Redefining \frac on input line 213.
\uproot@=\count91
\leftroot@=\count92
LaTeX Info: Redefining \overline on input line 375.
\classnum@=\count93
\DOTSCASE@=\count94
LaTeX Info: Redefining \ldots on input line 472.
LaTeX Info: Redefining \dots on input line 475.
LaTeX Info: Redefining \cdots on input line 596.
\Mathstrutbox@=\box26
\strutbox@=\box27
\big@size=\dimen107
LaTeX Font Info:    Redeclaring font encoding OML on input line 712.
LaTeX Font Info:    Redeclaring font encoding OMS on input line 713.
\macc@depth=\count95
\c@MaxMatrixCols=\count96
\dotsspace@=\muskip10
\c@parentequation=\count97
\dspbrk@lvl=\count98
\tag@help=\toks16
\row@=\count99
\column@=\count100
\maxfields@=\count101
\andhelp@=\toks17
\eqnshift@=\dimen108
\alignsep@=\dimen109
\tagshift@=\dimen110
\tagwidth@=\dimen111
\totwidth@=\dimen112
\lineht@=\dimen113
\@envbody=\toks18
\multlinegap=\skip47
\multlinetaggap=\skip48
\mathdisplay@stack=\toks19
LaTeX Info: Redefining \[ on input line 2817.
LaTeX Info: Redefining \] on input line 2818.
)
(c:/texlive/2017/texmf-dist/tex/latex/setspace/setspace.sty
Package: setspace 2011/12/19 v6.7a set line spacing
)
(c:/texlive/2017/texmf-dist/tex/latex/mdwtools/mathenv.sty
Package: mathenv 1998/04/28 1.9 Various maths environments

(c:/texlive/2017/texmf-dist/tex/latex/mdwtools/mdwtab.sty
Package: mdwtab 1998/04/28 1.9 Table typesetting with style
\tab@state=\count102
\tab@columns=\count103
\tab@preamble=\toks20
\tab@shortline=\toks21
\extrarowheight=\dimen114
\tabextrasep=\dimen115
\arrayextrasep=\dimen116
\smarraycolsep=\dimen117
\smarrayextrasep=\dimen118
\tab@width=\dimen119
\col@sep=\dimen120
\tab@endheight=\dimen121
\tab@leftskip=\skip49
\tab@rightskip=\skip50
\fn@notes=\box28
\fn@width=\dimen122
)
\eqaopenskip=\skip51
\eqacloseskip=\skip52
\eqacolskip=\skip53
\eqainskip=\skip54
\splitleft=\skip55
\splitright=\skip56
)
(c:/texlive/2017/texmf-dist/tex/latex/amsfonts/amssymb.sty
Package: amssymb 2013/01/14 v3.01 AMS font symbols

(c:/texlive/2017/texmf-dist/tex/latex/amsfonts/amsfonts.sty
Package: amsfonts 2013/01/14 v3.01 Basic AMSFonts support
\symAMSa=\mathgroup4
\symAMSb=\mathgroup5
LaTeX Font Info:    Overwriting math alphabet `\mathfrak' in version `bold'
(Font)                  U/euf/m/n --> U/euf/b/n on input line 106.
))
(c:/texlive/2017/texmf-dist/tex/latex/amscls/amsthm.sty
Package: amsthm 2015/03/04 v2.20.2
\thm@style=\toks22
\thm@bodyfont=\toks23
\thm@headfont=\toks24
\thm@notefont=\toks25
\thm@headpunct=\toks26
\thm@preskip=\skip57
\thm@postskip=\skip58
\thm@headsep=\skip59
\dth@everypar=\toks27
)
(c:/texlive/2017/texmf-dist/tex/latex/base/textcomp.sty
Package: textcomp 2017/04/05 v2.0i Standard LaTeX package
Package textcomp Info: Sub-encoding information:
(textcomp)               5 = only ISO-Adobe without \textcurrency
(textcomp)               4 = 5 + \texteuro
(textcomp)               3 = 4 + \textohm
(textcomp)               2 = 3 + \textestimated + \textcurrency
(textcomp)               1 = TS1 - \textcircled - \t
(textcomp)               0 = TS1 (full)
(textcomp)             Font families with sub-encoding setting implement
(textcomp)             only a restricted character set as indicated.
(textcomp)             Family '?' is the default used for unknown fonts.
(textcomp)             See the documentation for details.
Package textcomp Info: Setting ? sub-encoding to TS1/1 on input line 79.

(c:/texlive/2017/texmf-dist/tex/latex/base/ts1enc.def
File: ts1enc.def 2001/06/05 v3.0e (jk/car/fm) Standard LaTeX file
)
LaTeX Info: Redefining \oldstylenums on input line 334.
Package textcomp Info: Setting cmr sub-encoding to TS1/0 on input line 349.
Package textcomp Info: Setting cmss sub-encoding to TS1/0 on input line 350.
Package textcomp Info: Setting cmtt sub-encoding to TS1/0 on input line 351.
Package textcomp Info: Setting cmvtt sub-encoding to TS1/0 on input line 352.
Package textcomp Info: Setting cmbr sub-encoding to TS1/0 on input line 353.
Package textcomp Info: Setting cmtl sub-encoding to TS1/0 on input line 354.
Package textcomp Info: Setting ccr sub-encoding to TS1/0 on input line 355.
Package textcomp Info: Setting ptm sub-encoding to TS1/4 on input line 356.
Package textcomp Info: Setting pcr sub-encoding to TS1/4 on input line 357.
Package textcomp Info: Setting phv sub-encoding to TS1/4 on input line 358.
Package textcomp Info: Setting ppl sub-encoding to TS1/3 on input line 359.
Package textcomp Info: Setting pag sub-encoding to TS1/4 on input line 360.
Package textcomp Info: Setting pbk sub-encoding to TS1/4 on input line 361.
Package textcomp Info: Setting pnc sub-encoding to TS1/4 on input line 362.
Package textcomp Info: Setting pzc sub-encoding to TS1/4 on input line 363.
Package textcomp Info: Setting bch sub-encoding to TS1/4 on input line 364.
Package textcomp Info: Setting put sub-encoding to TS1/5 on input line 365.
Package textcomp Info: Setting uag sub-encoding to TS1/5 on input line 366.
Package textcomp Info: Setting ugq sub-encoding to TS1/5 on input line 367.
Package textcomp Info: Setting ul8 sub-encoding to TS1/4 on input line 368.
Package textcomp Info: Setting ul9 sub-encoding to TS1/4 on input line 369.
Package textcomp Info: Setting augie sub-encoding to TS1/5 on input line 370.
Package textcomp Info: Setting dayrom sub-encoding to TS1/3 on input line 371.
Package textcomp Info: Setting dayroms sub-encoding to TS1/3 on input line 372.

Package textcomp Info: Setting pxr sub-encoding to TS1/0 on input line 373.
Package textcomp Info: Setting pxss sub-encoding to TS1/0 on input line 374.
Package textcomp Info: Setting pxtt sub-encoding to TS1/0 on input line 375.
Package textcomp Info: Setting txr sub-encoding to TS1/0 on input line 376.
Package textcomp Info: Setting txss sub-encoding to TS1/0 on input line 377.
Package textcomp Info: Setting txtt sub-encoding to TS1/0 on input line 378.
Package textcomp Info: Setting lmr sub-encoding to TS1/0 on input line 379.
Package textcomp Info: Setting lmdh sub-encoding to TS1/0 on input line 380.
Package textcomp Info: Setting lmss sub-encoding to TS1/0 on input line 381.
Package textcomp Info: Setting lmssq sub-encoding to TS1/0 on input line 382.
Package textcomp Info: Setting lmvtt sub-encoding to TS1/0 on input line 383.
Package textcomp Info: Setting lmtt sub-encoding to TS1/0 on input line 384.
Package textcomp Info: Setting qhv sub-encoding to TS1/0 on input line 385.
Package textcomp Info: Setting qag sub-encoding to TS1/0 on input line 386.
Package textcomp Info: Setting qbk sub-encoding to TS1/0 on input line 387.
Package textcomp Info: Setting qcr sub-encoding to TS1/0 on input line 388.
Package textcomp Info: Setting qcs sub-encoding to TS1/0 on input line 389.
Package textcomp Info: Setting qpl sub-encoding to TS1/0 on input line 390.
Package textcomp Info: Setting qtm sub-encoding to TS1/0 on input line 391.
Package textcomp Info: Setting qzc sub-encoding to TS1/0 on input line 392.
Package textcomp Info: Setting qhvc sub-encoding to TS1/0 on input line 393.
Package textcomp Info: Setting futs sub-encoding to TS1/4 on input line 394.
Package textcomp Info: Setting futx sub-encoding to TS1/4 on input line 395.
Package textcomp Info: Setting futj sub-encoding to TS1/4 on input line 396.
Package textcomp Info: Setting hlh sub-encoding to TS1/3 on input line 397.
Package textcomp Info: Setting hls sub-encoding to TS1/3 on input line 398.
Package textcomp Info: Setting hlst sub-encoding to TS1/3 on input line 399.
Package textcomp Info: Setting hlct sub-encoding to TS1/5 on input line 400.
Package textcomp Info: Setting hlx sub-encoding to TS1/5 on input line 401.
Package textcomp Info: Setting hlce sub-encoding to TS1/5 on input line 402.
Package textcomp Info: Setting hlcn sub-encoding to TS1/5 on input line 403.
Package textcomp Info: Setting hlcw sub-encoding to TS1/5 on input line 404.
Package textcomp Info: Setting hlcf sub-encoding to TS1/5 on input line 405.
Package textcomp Info: Setting pplx sub-encoding to TS1/3 on input line 406.
Package textcomp Info: Setting pplj sub-encoding to TS1/3 on input line 407.
Package textcomp Info: Setting ptmx sub-encoding to TS1/4 on input line 408.
Package textcomp Info: Setting ptmj sub-encoding to TS1/4 on input line 409.
)
(c:/texlive/2017/texmf-dist/tex/latex/upquote/upquote.sty
Package: upquote 2012/04/19 v1.3 upright-quote and grave-accent glyphs in verba
tim
)
(c:/texlive/2017/texmf-dist/tex/latex/tools/longtable.sty
Package: longtable 2014/10/28 v4.11 Multi-page Table package (DPC)
\LTleft=\skip60
\LTright=\skip61
\LTpre=\skip62
\LTpost=\skip63
\LTchunksize=\count104
\LTcapwidth=\dimen123
\LT@head=\box29
\LT@firsthead=\box30
\LT@foot=\box31
\LT@lastfoot=\box32
\LT@cols=\count105
\LT@rows=\count106
\c@LT@tables=\count107
\c@LT@chunks=\count108
\LT@p@ftn=\toks28
)
(c:/texlive/2017/texmf-dist/tex/latex/multirow/multirow.sty
Package: multirow 2016/11/25 v2.2 Span multiple rows of a table
\multirow@colwidth=\skip64
\multirow@cntb=\count109
\multirow@dima=\skip65
\bigstrutjot=\dimen124
)
(c:/texlive/2017/texmf-dist/tex/latex/tools/verbatim.sty
Package: verbatim 2014/10/28 v1.5q LaTeX2e package for verbatim enhancements
\every@verbatim=\toks29
\verbatim@line=\toks30
\verbatim@in@stream=\read1
)
(c:/texlive/2017/texmf-dist/tex/latex/graphics/rotating.sty
Package: rotating 2016/08/11 v2.16d rotated objects in LaTeX

(c:/texlive/2017/texmf-dist/tex/latex/base/ifthen.sty
Package: ifthen 2014/09/29 v1.1c Standard LaTeX ifthen package (DPC)
)
\c@r@tfl@t=\count110
\rotFPtop=\skip66
\rotFPbot=\skip67
\rot@float@box=\box33
\rot@mess@toks=\toks31
)
(c:/texlive/2017/texmf-dist/tex/latex/psnfss/pifont.sty
Package: pifont 2005/04/12 PSNFSS-v9.2a Pi font support (SPQR) 
LaTeX Font Info:    Try loading font information for U+pzd on input line 63.

(c:/texlive/2017/texmf-dist/tex/latex/psnfss/upzd.fd
File: upzd.fd 2001/06/04 font definitions for U/pzd.
)
LaTeX Font Info:    Try loading font information for U+psy on input line 64.

(c:/texlive/2017/texmf-dist/tex/latex/psnfss/upsy.fd
File: upsy.fd 2001/06/04 font definitions for U/psy.
))
(c:/texlive/2017/texmf-dist/tex/latex/caption/caption.sty
Package: caption 2016/02/21 v3.3-144 Customizing captions (AR)

(c:/texlive/2017/texmf-dist/tex/latex/caption/caption3.sty
Package: caption3 2016/05/22 v1.7-166 caption3 kernel (AR)
Package caption3 Info: TeX engine: e-TeX on input line 67.
\captionmargin=\dimen125
\captionmargin@=\dimen126
\captionwidth=\dimen127
\caption@tempdima=\dimen128
\caption@indent=\dimen129
\caption@parindent=\dimen130
\caption@hangindent=\dimen131
)
\c@ContinuedFloat=\count111
Package caption Info: longtable package is loaded.

(c:/texlive/2017/texmf-dist/tex/latex/caption/ltcaption.sty
Package: ltcaption 2013/06/09 v1.4-94 longtable captions (AR)
)
Package caption Info: rotating package is loaded.
)
(c:/texlive/2017/texmf-dist/tex/latex/caption/subcaption.sty
Package: subcaption 2016/05/22 v1.1-161 Sub-captions (AR)
\c@subfigure=\count112
\c@subtable=\count113
)
(c:/texlive/2017/texmf-dist/tex/latex/base/fontenc.sty
Package: fontenc 2017/04/05 v2.0i Standard LaTeX package

(c:/texlive/2017/texmf-dist/tex/latex/base/t1enc.def
File: t1enc.def 2017/04/05 v2.0i Standard LaTeX file
LaTeX Font Info:    Redeclaring font encoding T1 on input line 48.
))
(c:/texlive/2017/texmf-dist/tex/latex/todonotes/todonotes.sty
Package: todonotes 2015/07/09 .dtx Todonotes source and documentation.
Package: todonotes 2012/07/25

(c:/texlive/2017/texmf-dist/tex/latex/xkeyval/xkeyval.sty
Package: xkeyval 2014/12/03 v2.7a package option processing (HA)

(c:/texlive/2017/texmf-dist/tex/generic/xkeyval/xkeyval.tex
(c:/texlive/2017/texmf-dist/tex/generic/xkeyval/xkvutils.tex
\XKV@toks=\toks32
\XKV@tempa@toks=\toks33
)
\XKV@depth=\count114
File: xkeyval.tex 2014/12/03 v2.7a key=value parser (HA)
))
(c:/texlive/2017/texmf-dist/tex/latex/xcolor/xcolor.sty
Package: xcolor 2016/05/11 v2.12 LaTeX color extensions (UK)

(c:/texlive/2017/texmf-dist/tex/latex/graphics-cfg/color.cfg
File: color.cfg 2016/01/02 v1.6 sample color configuration
)
Package xcolor Info: Driver file: pdftex.def on input line 225.
Package xcolor Info: Model `cmy' substituted by `cmy0' on input line 1348.
Package xcolor Info: Model `hsb' substituted by `rgb' on input line 1352.
Package xcolor Info: Model `RGB' extended on input line 1364.
Package xcolor Info: Model `HTML' substituted by `rgb' on input line 1366.
Package xcolor Info: Model `Hsb' substituted by `hsb' on input line 1367.
Package xcolor Info: Model `tHsb' substituted by `hsb' on input line 1368.
Package xcolor Info: Model `HSB' substituted by `hsb' on input line 1369.
Package xcolor Info: Model `Gray' substituted by `gray' on input line 1370.
Package xcolor Info: Model `wave' substituted by `hsb' on input line 1371.
)
(c:/texlive/2017/texmf-dist/tex/latex/pgf/frontendlayer/tikz.sty
(c:/texlive/2017/texmf-dist/tex/latex/pgf/basiclayer/pgf.sty
(c:/texlive/2017/texmf-dist/tex/latex/pgf/utilities/pgfrcs.sty
(c:/texlive/2017/texmf-dist/tex/generic/pgf/utilities/pgfutil-common.tex
\pgfutil@everybye=\toks34
\pgfutil@tempdima=\dimen132
\pgfutil@tempdimb=\dimen133

(c:/texlive/2017/texmf-dist/tex/generic/pgf/utilities/pgfutil-common-lists.tex)
) (c:/texlive/2017/texmf-dist/tex/generic/pgf/utilities/pgfutil-latex.def
\pgfutil@abb=\box34

(c:/texlive/2017/texmf-dist/tex/latex/ms/everyshi.sty
Package: everyshi 2001/05/15 v3.00 EveryShipout Package (MS)
))
(c:/texlive/2017/texmf-dist/tex/generic/pgf/utilities/pgfrcs.code.tex
Package: pgfrcs 2015/08/07 v3.0.1a (rcs-revision 1.31)
))
Package: pgf 2015/08/07 v3.0.1a (rcs-revision 1.15)

(c:/texlive/2017/texmf-dist/tex/latex/pgf/basiclayer/pgfcore.sty
(c:/texlive/2017/texmf-dist/tex/latex/pgf/systemlayer/pgfsys.sty
(c:/texlive/2017/texmf-dist/tex/generic/pgf/systemlayer/pgfsys.code.tex
Package: pgfsys 2014/07/09 v3.0.1a (rcs-revision 1.48)

(c:/texlive/2017/texmf-dist/tex/generic/pgf/utilities/pgfkeys.code.tex
\pgfkeys@pathtoks=\toks35
\pgfkeys@temptoks=\toks36

(c:/texlive/2017/texmf-dist/tex/generic/pgf/utilities/pgfkeysfiltered.code.tex
\pgfkeys@tmptoks=\toks37
))
\pgf@x=\dimen134
\pgf@y=\dimen135
\pgf@xa=\dimen136
\pgf@ya=\dimen137
\pgf@xb=\dimen138
\pgf@yb=\dimen139
\pgf@xc=\dimen140
\pgf@yc=\dimen141
\w@pgf@writea=\write3
\r@pgf@reada=\read2
\c@pgf@counta=\count115
\c@pgf@countb=\count116
\c@pgf@countc=\count117
\c@pgf@countd=\count118
\t@pgf@toka=\toks38
\t@pgf@tokb=\toks39
\t@pgf@tokc=\toks40
 (c:/texlive/2017/texmf-dist/tex/generic/pgf/systemlayer/pgf.cfg
File: pgf.cfg 2008/05/14  (rcs-revision 1.7)
)
Driver file for pgf: pgfsys-pdftex.def

(c:/texlive/2017/texmf-dist/tex/generic/pgf/systemlayer/pgfsys-pdftex.def
File: pgfsys-pdftex.def 2014/10/11  (rcs-revision 1.35)

(c:/texlive/2017/texmf-dist/tex/generic/pgf/systemlayer/pgfsys-common-pdf.def
File: pgfsys-common-pdf.def 2013/10/10  (rcs-revision 1.13)
)))
(c:/texlive/2017/texmf-dist/tex/generic/pgf/systemlayer/pgfsyssoftpath.code.tex
File: pgfsyssoftpath.code.tex 2013/09/09  (rcs-revision 1.9)
\pgfsyssoftpath@smallbuffer@items=\count119
\pgfsyssoftpath@bigbuffer@items=\count120
)
(c:/texlive/2017/texmf-dist/tex/generic/pgf/systemlayer/pgfsysprotocol.code.tex
File: pgfsysprotocol.code.tex 2006/10/16  (rcs-revision 1.4)
)) (c:/texlive/2017/texmf-dist/tex/generic/pgf/basiclayer/pgfcore.code.tex
Package: pgfcore 2010/04/11 v3.0.1a (rcs-revision 1.7)

(c:/texlive/2017/texmf-dist/tex/generic/pgf/math/pgfmath.code.tex
(c:/texlive/2017/texmf-dist/tex/generic/pgf/math/pgfmathcalc.code.tex
(c:/texlive/2017/texmf-dist/tex/generic/pgf/math/pgfmathutil.code.tex)
(c:/texlive/2017/texmf-dist/tex/generic/pgf/math/pgfmathparser.code.tex
\pgfmath@dimen=\dimen142
\pgfmath@count=\count121
\pgfmath@box=\box35
\pgfmath@toks=\toks41
\pgfmath@stack@operand=\toks42
\pgfmath@stack@operation=\toks43
)
(c:/texlive/2017/texmf-dist/tex/generic/pgf/math/pgfmathfunctions.code.tex
(c:/texlive/2017/texmf-dist/tex/generic/pgf/math/pgfmathfunctions.basic.code.te
x)
(c:/texlive/2017/texmf-dist/tex/generic/pgf/math/pgfmathfunctions.trigonometric
.code.tex)
(c:/texlive/2017/texmf-dist/tex/generic/pgf/math/pgfmathfunctions.random.code.t
ex)
(c:/texlive/2017/texmf-dist/tex/generic/pgf/math/pgfmathfunctions.comparison.co
de.tex)
(c:/texlive/2017/texmf-dist/tex/generic/pgf/math/pgfmathfunctions.base.code.tex
)
(c:/texlive/2017/texmf-dist/tex/generic/pgf/math/pgfmathfunctions.round.code.te
x)
(c:/texlive/2017/texmf-dist/tex/generic/pgf/math/pgfmathfunctions.misc.code.tex
)
(c:/texlive/2017/texmf-dist/tex/generic/pgf/math/pgfmathfunctions.integerarithm
etics.code.tex)))
(c:/texlive/2017/texmf-dist/tex/generic/pgf/math/pgfmathfloat.code.tex
\c@pgfmathroundto@lastzeros=\count122
))
(c:/texlive/2017/texmf-dist/tex/generic/pgf/basiclayer/pgfcorepoints.code.tex
File: pgfcorepoints.code.tex 2013/10/07  (rcs-revision 1.27)
\pgf@picminx=\dimen143
\pgf@picmaxx=\dimen144
\pgf@picminy=\dimen145
\pgf@picmaxy=\dimen146
\pgf@pathminx=\dimen147
\pgf@pathmaxx=\dimen148
\pgf@pathminy=\dimen149
\pgf@pathmaxy=\dimen150
\pgf@xx=\dimen151
\pgf@xy=\dimen152
\pgf@yx=\dimen153
\pgf@yy=\dimen154
\pgf@zx=\dimen155
\pgf@zy=\dimen156
)
(c:/texlive/2017/texmf-dist/tex/generic/pgf/basiclayer/pgfcorepathconstruct.cod
e.tex
File: pgfcorepathconstruct.code.tex 2013/10/07  (rcs-revision 1.29)
\pgf@path@lastx=\dimen157
\pgf@path@lasty=\dimen158
)
(c:/texlive/2017/texmf-dist/tex/generic/pgf/basiclayer/pgfcorepathusage.code.te
x
File: pgfcorepathusage.code.tex 2014/11/02  (rcs-revision 1.24)
\pgf@shorten@end@additional=\dimen159
\pgf@shorten@start@additional=\dimen160
)
(c:/texlive/2017/texmf-dist/tex/generic/pgf/basiclayer/pgfcorescopes.code.tex
File: pgfcorescopes.code.tex 2015/05/08  (rcs-revision 1.46)
\pgfpic=\box36
\pgf@hbox=\box37
\pgf@layerbox@main=\box38
\pgf@picture@serial@count=\count123
)
(c:/texlive/2017/texmf-dist/tex/generic/pgf/basiclayer/pgfcoregraphicstate.code
.tex
File: pgfcoregraphicstate.code.tex 2014/11/02  (rcs-revision 1.12)
\pgflinewidth=\dimen161
)
(c:/texlive/2017/texmf-dist/tex/generic/pgf/basiclayer/pgfcoretransformations.c
ode.tex
File: pgfcoretransformations.code.tex 2015/08/07  (rcs-revision 1.20)
\pgf@pt@x=\dimen162
\pgf@pt@y=\dimen163
\pgf@pt@temp=\dimen164
)
(c:/texlive/2017/texmf-dist/tex/generic/pgf/basiclayer/pgfcorequick.code.tex
File: pgfcorequick.code.tex 2008/10/09  (rcs-revision 1.3)
)
(c:/texlive/2017/texmf-dist/tex/generic/pgf/basiclayer/pgfcoreobjects.code.tex
File: pgfcoreobjects.code.tex 2006/10/11  (rcs-revision 1.2)
)
(c:/texlive/2017/texmf-dist/tex/generic/pgf/basiclayer/pgfcorepathprocessing.co
de.tex
File: pgfcorepathprocessing.code.tex 2013/09/09  (rcs-revision 1.9)
)
(c:/texlive/2017/texmf-dist/tex/generic/pgf/basiclayer/pgfcorearrows.code.tex
File: pgfcorearrows.code.tex 2015/05/14  (rcs-revision 1.43)
\pgfarrowsep=\dimen165
)
(c:/texlive/2017/texmf-dist/tex/generic/pgf/basiclayer/pgfcoreshade.code.tex
File: pgfcoreshade.code.tex 2013/07/15  (rcs-revision 1.15)
\pgf@max=\dimen166
\pgf@sys@shading@range@num=\count124
)
(c:/texlive/2017/texmf-dist/tex/generic/pgf/basiclayer/pgfcoreimage.code.tex
File: pgfcoreimage.code.tex 2013/07/15  (rcs-revision 1.18)

(c:/texlive/2017/texmf-dist/tex/generic/pgf/basiclayer/pgfcoreexternal.code.tex
File: pgfcoreexternal.code.tex 2014/07/09  (rcs-revision 1.21)
\pgfexternal@startupbox=\box39
))
(c:/texlive/2017/texmf-dist/tex/generic/pgf/basiclayer/pgfcorelayers.code.tex
File: pgfcorelayers.code.tex 2013/07/18  (rcs-revision 1.7)
)
(c:/texlive/2017/texmf-dist/tex/generic/pgf/basiclayer/pgfcoretransparency.code
.tex
File: pgfcoretransparency.code.tex 2013/09/30  (rcs-revision 1.5)
)
(c:/texlive/2017/texmf-dist/tex/generic/pgf/basiclayer/pgfcorepatterns.code.tex
File: pgfcorepatterns.code.tex 2013/11/07  (rcs-revision 1.5)
)))
(c:/texlive/2017/texmf-dist/tex/generic/pgf/modules/pgfmoduleshapes.code.tex
File: pgfmoduleshapes.code.tex 2014/03/21  (rcs-revision 1.35)
\pgfnodeparttextbox=\box40
)
(c:/texlive/2017/texmf-dist/tex/generic/pgf/modules/pgfmoduleplot.code.tex
File: pgfmoduleplot.code.tex 2015/08/03  (rcs-revision 1.13)
)
(c:/texlive/2017/texmf-dist/tex/latex/pgf/compatibility/pgfcomp-version-0-65.st
y
Package: pgfcomp-version-0-65 2007/07/03 v3.0.1a (rcs-revision 1.7)
\pgf@nodesepstart=\dimen167
\pgf@nodesepend=\dimen168
)
(c:/texlive/2017/texmf-dist/tex/latex/pgf/compatibility/pgfcomp-version-1-18.st
y
Package: pgfcomp-version-1-18 2007/07/23 v3.0.1a (rcs-revision 1.1)
)) (c:/texlive/2017/texmf-dist/tex/latex/pgf/utilities/pgffor.sty
(c:/texlive/2017/texmf-dist/tex/latex/pgf/utilities/pgfkeys.sty
(c:/texlive/2017/texmf-dist/tex/generic/pgf/utilities/pgfkeys.code.tex))
(c:/texlive/2017/texmf-dist/tex/latex/pgf/math/pgfmath.sty
(c:/texlive/2017/texmf-dist/tex/generic/pgf/math/pgfmath.code.tex))
(c:/texlive/2017/texmf-dist/tex/generic/pgf/utilities/pgffor.code.tex
Package: pgffor 2013/12/13 v3.0.1a (rcs-revision 1.25)

(c:/texlive/2017/texmf-dist/tex/generic/pgf/math/pgfmath.code.tex)
\pgffor@iter=\dimen169
\pgffor@skip=\dimen170
\pgffor@stack=\toks44
\pgffor@toks=\toks45
))
(c:/texlive/2017/texmf-dist/tex/generic/pgf/frontendlayer/tikz/tikz.code.tex
Package: tikz 2015/08/07 v3.0.1a (rcs-revision 1.151)

(c:/texlive/2017/texmf-dist/tex/generic/pgf/libraries/pgflibraryplothandlers.co
de.tex
File: pgflibraryplothandlers.code.tex 2013/08/31 v3.0.1a (rcs-revision 1.20)
\pgf@plot@mark@count=\count125
\pgfplotmarksize=\dimen171
)
\tikz@lastx=\dimen172
\tikz@lasty=\dimen173
\tikz@lastxsaved=\dimen174
\tikz@lastysaved=\dimen175
\tikzleveldistance=\dimen176
\tikzsiblingdistance=\dimen177
\tikz@figbox=\box41
\tikz@figbox@bg=\box42
\tikz@tempbox=\box43
\tikz@tempbox@bg=\box44
\tikztreelevel=\count126
\tikznumberofchildren=\count127
\tikznumberofcurrentchild=\count128
\tikz@fig@count=\count129

(c:/texlive/2017/texmf-dist/tex/generic/pgf/modules/pgfmodulematrix.code.tex
File: pgfmodulematrix.code.tex 2013/09/17  (rcs-revision 1.8)
\pgfmatrixcurrentrow=\count130
\pgfmatrixcurrentcolumn=\count131
\pgf@matrix@numberofcolumns=\count132
)
\tikz@expandcount=\count133

(c:/texlive/2017/texmf-dist/tex/generic/pgf/frontendlayer/tikz/libraries/tikzli
brarytopaths.code.tex
File: tikzlibrarytopaths.code.tex 2008/06/17 v3.0.1a (rcs-revision 1.2)
)))
(c:/texlive/2017/texmf-dist/tex/generic/pgf/frontendlayer/tikz/libraries/tikzli
brarypositioning.code.tex
File: tikzlibrarypositioning.code.tex 2008/10/06 v3.0.1a (rcs-revision 1.7)
) (c:/texlive/2017/texmf-dist/tex/latex/tools/calc.sty
Package: calc 2014/10/28 v4.3 Infix arithmetic (KKT,FJ)
\calc@Acount=\count134
\calc@Bcount=\count135
\calc@Adimen=\dimen178
\calc@Bdimen=\dimen179
\calc@Askip=\skip68
\calc@Bskip=\skip69
LaTeX Info: Redefining \setlength on input line 80.
LaTeX Info: Redefining \addtolength on input line 81.
\calc@Ccount=\count136
\calc@Cskip=\skip70
)
\c@@todonotes@numberoftodonotes=\count137
) (c:/texlive/2017/texmf-dist/tex/latex/listings/listings.sty
\lst@mode=\count138
\lst@gtempboxa=\box45
\lst@token=\toks46
\lst@length=\count139
\lst@currlwidth=\dimen180
\lst@column=\count140
\lst@pos=\count141
\lst@lostspace=\dimen181
\lst@width=\dimen182
\lst@newlines=\count142
\lst@lineno=\count143
\lst@maxwidth=\dimen183

(c:/texlive/2017/texmf-dist/tex/latex/listings/lstmisc.sty
File: lstmisc.sty 2015/06/04 1.6 (Carsten Heinz)
\c@lstnumber=\count144
\lst@skipnumbers=\count145
\lst@framebox=\box46
)
(c:/texlive/2017/texmf-dist/tex/latex/listings/listings.cfg
File: listings.cfg 2015/06/04 1.6 listings configuration
))
Package: listings 2015/06/04 1.6 (Carsten Heinz)

(c:/texlive/2017/texmf-dist/tex/latex/tools/xspace.sty
Package: xspace 2014/10/28 v1.13 Space after command names (DPC,MH)
)
(c:/texlive/2017/texmf-dist/tex/latex/jknapltx/mathrsfs.sty
Package: mathrsfs 1996/01/01 Math RSFS package v1.0 (jk)
\symrsfs=\mathgroup6
)
(c:/texlive/2017/texmf-dist/tex/latex/hyperref/hyperref.sty
Package: hyperref 2017/03/14 v6.85a Hypertext links for LaTeX

(c:/texlive/2017/texmf-dist/tex/generic/oberdiek/hobsub-hyperref.sty
Package: hobsub-hyperref 2016/05/16 v1.14 Bundle oberdiek, subset hyperref (HO)


(c:/texlive/2017/texmf-dist/tex/generic/oberdiek/hobsub-generic.sty
Package: hobsub-generic 2016/05/16 v1.14 Bundle oberdiek, subset generic (HO)
Package: hobsub 2016/05/16 v1.14 Construct package bundles (HO)
Package hobsub Info: Skipping package `infwarerr' (already loaded).
Package hobsub Info: Skipping package `ltxcmds' (already loaded).
Package: ifluatex 2016/05/16 v1.4 Provides the ifluatex switch (HO)
Package ifluatex Info: LuaTeX not detected.
Package: ifvtex 2016/05/16 v1.6 Detect VTeX and its facilities (HO)
Package ifvtex Info: VTeX not detected.
Package: intcalc 2016/05/16 v1.2 Expandable calculations with integers (HO)
Package: ifpdf 2017/03/15 v3.2 Provides the ifpdf switch
Package: etexcmds 2016/05/16 v1.6 Avoid name clashes with e-TeX commands (HO)
Package etexcmds Info: Could not find \expanded.
(etexcmds)             That can mean that you are not using pdfTeX 1.50 or
(etexcmds)             that some package has redefined \expanded.
(etexcmds)             In the latter case, load this package earlier.
Package: kvsetkeys 2016/05/16 v1.17 Key value parser (HO)
Package: kvdefinekeys 2016/05/16 v1.4 Define keys (HO)
Package: pdftexcmds 2017/03/19 v0.25 Utility functions of pdfTeX for LuaTeX (HO
)
Package pdftexcmds Info: LuaTeX not detected.
Package pdftexcmds Info: \pdf@primitive is available.
Package pdftexcmds Info: \pdf@ifprimitive is available.
Package pdftexcmds Info: \pdfdraftmode found.
Package: pdfescape 2016/05/16 v1.14 Implements pdfTeX's escape features (HO)
Package: bigintcalc 2016/05/16 v1.4 Expandable calculations on big integers (HO
)
Package: bitset 2016/05/16 v1.2 Handle bit-vector datatype (HO)
Package: uniquecounter 2016/05/16 v1.3 Provide unlimited unique counter (HO)
)
Package hobsub Info: Skipping package `hobsub' (already loaded).
Package: letltxmacro 2016/05/16 v1.5 Let assignment for LaTeX macros (HO)
Package: hopatch 2016/05/16 v1.3 Wrapper for package hooks (HO)
Package: xcolor-patch 2016/05/16 xcolor patch
Package: atveryend 2016/05/16 v1.9 Hooks at the very end of document (HO)
Package atveryend Info: \enddocument detected (standard20110627).
Package: atbegshi 2016/06/09 v1.18 At begin shipout hook (HO)
Package: refcount 2016/05/16 v3.5 Data extraction from label references (HO)
Package: hycolor 2016/05/16 v1.8 Color options for hyperref/bookmark (HO)
)
(c:/texlive/2017/texmf-dist/tex/generic/ifxetex/ifxetex.sty
Package: ifxetex 2010/09/12 v0.6 Provides ifxetex conditional
)
(c:/texlive/2017/texmf-dist/tex/latex/oberdiek/auxhook.sty
Package: auxhook 2016/05/16 v1.4 Hooks for auxiliary files (HO)
)
(c:/texlive/2017/texmf-dist/tex/latex/oberdiek/kvoptions.sty
Package: kvoptions 2016/05/16 v3.12 Key value format for package options (HO)
)
\@linkdim=\dimen184
\Hy@linkcounter=\count146
\Hy@pagecounter=\count147

(c:/texlive/2017/texmf-dist/tex/latex/hyperref/pd1enc.def
File: pd1enc.def 2017/03/14 v6.85a Hyperref: PDFDocEncoding definition (HO)
)
\Hy@SavedSpaceFactor=\count148

(c:/texlive/2017/texmf-dist/tex/latex/latexconfig/hyperref.cfg
File: hyperref.cfg 2002/06/06 v1.2 hyperref configuration of TeXLive
)
Package hyperref Info: Hyper figures OFF on input line 4498.
Package hyperref Info: Link nesting OFF on input line 4503.
Package hyperref Info: Hyper index ON on input line 4506.
Package hyperref Info: Plain pages OFF on input line 4513.
Package hyperref Info: Backreferencing OFF on input line 4518.
Package hyperref Info: Implicit mode ON; LaTeX internals redefined.
Package hyperref Info: Bookmarks ON on input line 4751.
\c@Hy@tempcnt=\count149

(c:/texlive/2017/texmf-dist/tex/latex/url/url.sty
\Urlmuskip=\muskip11
Package: url 2013/09/16  ver 3.4  Verb mode for urls, etc.
)
LaTeX Info: Redefining \url on input line 5104.
\XeTeXLinkMargin=\dimen185
\Fld@menulength=\count150
\Field@Width=\dimen186
\Fld@charsize=\dimen187
Package hyperref Info: Hyper figures OFF on input line 6358.
Package hyperref Info: Link nesting OFF on input line 6363.
Package hyperref Info: Hyper index ON on input line 6366.
Package hyperref Info: backreferencing OFF on input line 6373.
Package hyperref Info: Link coloring OFF on input line 6378.
Package hyperref Info: Link coloring with OCG OFF on input line 6383.
Package hyperref Info: PDF/A mode OFF on input line 6388.
LaTeX Info: Redefining \ref on input line 6428.
LaTeX Info: Redefining \pageref on input line 6432.
\Hy@abspage=\count151
\c@Item=\count152
\c@Hfootnote=\count153
)

Package hyperref Message: Driver (autodetected): hpdftex.

(c:/texlive/2017/texmf-dist/tex/latex/hyperref/hpdftex.def
File: hpdftex.def 2017/03/14 v6.85a Hyperref driver for pdfTeX
\Fld@listcount=\count154
\c@bookmark@seq@number=\count155

(c:/texlive/2017/texmf-dist/tex/latex/oberdiek/rerunfilecheck.sty
Package: rerunfilecheck 2016/05/16 v1.8 Rerun checks for auxiliary files (HO)
Package uniquecounter Info: New unique counter `rerunfilecheck' on input line 2
82.
)
\Hy@SectionHShift=\skip71
)
Package hyperref Info: Option `colorlinks' set `true' on input line 56.

(c:/texlive/2017/texmf-dist/tex/latex/paralist/paralist.sty
Package: paralist 2017/01/22 v2.7 Extended list environments
\pltopsep=\skip72
\plpartopsep=\skip73
\plitemsep=\skip74
\plparsep=\skip75
\pl@lab=\toks47
)
\c@lem=\count156
\c@thm=\count157
\c@prop=\count158
\c@post=\count159
\c@corr=\count160
\c@defs=\count161
\c@cons=\count162
\c@ex=\count163
\c@qu=\count164

(./guideFUB-basic.aux (./guide_fronts.aux) (./self_declaration.aux)
(./guide_dedication.aux) (./guide_acknowledgments.aux) (./guide_abstract.aux)
(./guide_ch1.aux) (./guide_ch2.aux) (./guide_ch3.aux) (./guide_ch4.aux)
(./guide_ch5.aux) (./guide_ch6.aux) (./guide_ch7.aux)
(./guide_app_comparison_tools.aux) (./guide_back.aux))
\openout1 = `guideFUB-basic.aux'.

LaTeX Font Info:    Checking defaults for OML/cmm/m/it on input line 101.
LaTeX Font Info:    ... okay on input line 101.
LaTeX Font Info:    Checking defaults for T1/cmr/m/n on input line 101.
LaTeX Font Info:    ... okay on input line 101.
LaTeX Font Info:    Checking defaults for OT1/cmr/m/n on input line 101.
LaTeX Font Info:    ... okay on input line 101.
LaTeX Font Info:    Checking defaults for OMS/cmsy/m/n on input line 101.
LaTeX Font Info:    ... okay on input line 101.
LaTeX Font Info:    Checking defaults for OMX/cmex/m/n on input line 101.
LaTeX Font Info:    ... okay on input line 101.
LaTeX Font Info:    Checking defaults for U/cmr/m/n on input line 101.
LaTeX Font Info:    ... okay on input line 101.
LaTeX Font Info:    Checking defaults for TS1/cmr/m/n on input line 101.
LaTeX Font Info:    Try loading font information for TS1+cmr on input line 101.


(c:/texlive/2017/texmf-dist/tex/latex/base/ts1cmr.fd
File: ts1cmr.fd 2014/09/29 v2.5h Standard LaTeX font definitions
)
LaTeX Font Info:    ... okay on input line 101.
LaTeX Font Info:    Checking defaults for PD1/pdf/m/n on input line 101.
LaTeX Font Info:    ... okay on input line 101.

(c:/texlive/2017/texmf-dist/tex/context/base/mkii/supp-pdf.mkii
[Loading MPS to PDF converter (version 2006.09.02).]
\scratchcounter=\count165
\scratchdimen=\dimen188
\scratchbox=\box47
\nofMPsegments=\count166
\nofMParguments=\count167
\everyMPshowfont=\toks48
\MPscratchCnt=\count168
\MPscratchDim=\dimen189
\MPnumerator=\count169
\makeMPintoPDFobject=\count170
\everyMPtoPDFconversion=\toks49
) (c:/texlive/2017/texmf-dist/tex/latex/oberdiek/epstopdf-base.sty
Package: epstopdf-base 2016/05/15 v2.6 Base part for package epstopdf

(c:/texlive/2017/texmf-dist/tex/latex/oberdiek/grfext.sty
Package: grfext 2016/05/16 v1.2 Manage graphics extensions (HO)
)
Package epstopdf-base Info: Redefining graphics rule for `.eps' on input line 4
38.
Package grfext Info: Graphics extension search list:
(grfext)             [.png,.pdf,.jpg,.mps,.jpeg,.jbig2,.jb2,.PNG,.PDF,.JPG,.JPE
G,.JBIG2,.JB2,.eps]
(grfext)             \AppendGraphicsExtensions on input line 456.

(c:/texlive/2017/texmf-dist/tex/latex/latexconfig/epstopdf-sys.cfg
File: epstopdf-sys.cfg 2010/07/13 v1.3 Configuration of (r)epstopdf for TeX Liv
e
))
Package caption Info: Begin \AtBeginDocument code.
Package caption Info: hyperref package is loaded.
Package caption Info: listings package is loaded.
Package caption Info: End \AtBeginDocument code.

ABD: EveryShipout initializing macros
\c@lstlisting=\count171
\AtBeginShipoutBox=\box48
Package hyperref Info: Link coloring ON on input line 101.

(c:/texlive/2017/texmf-dist/tex/latex/hyperref/nameref.sty
Package: nameref 2016/05/21 v2.44 Cross-referencing by name of section

(c:/texlive/2017/texmf-dist/tex/generic/oberdiek/gettitlestring.sty
Package: gettitlestring 2016/05/16 v1.5 Cleanup title references (HO)
)
\c@section@level=\count172
)
LaTeX Info: Redefining \ref on input line 101.
LaTeX Info: Redefining \pageref on input line 101.
LaTeX Info: Redefining \nameref on input line 101.

(./guideFUB-basic.out) (./guideFUB-basic.out)
\@outlinefile=\write4
\openout4 = `guideFUB-basic.out'.

\openout2 = `guide_fronts.aux'.

 (./guide_fronts.tex

pdfTeX warning: pdflatex.exe (file ./images/unibz_logo.pdf): PDF inclusion: fou
nd PDF version <1.6>, but at most version <1.5> allowed
<./images/unibz_logo.pdf, id=151, 2007.5pt x 1606.0pt>
File: ./images/unibz_logo.pdf Graphic file (type pdf)

<use ./images/unibz_logo.pdf>
Package pdftex.def Info: ./images/unibz_logo.pdf used on input line 45.
(pdftex.def)             Requested size: 100.38087pt x 80.3047pt.
 [1



{c:/texlive/2017/texmf-var/fonts/map/pdftex/updmap/pdftex.map} <./images/unibz_
logo.pdf>] [2]
LaTeX Font Info:    Try loading font information for T1+cmtt on input line 100.


(c:/texlive/2017/texmf-dist/tex/latex/base/t1cmtt.fd
File: t1cmtt.fd 2014/09/29 v2.5h Standard LaTeX font definitions
)pdfTeX warning (ext4): destination with the same identifier (name{page.i}) has
 been already used, duplicate ignored
<to be read again> 
                   \relax 
l.103 \clearpage
                 [1]pdfTeX warning (ext4): destination with the same identifier
 (name{page.ii}) has been already used, duplicate ignored
<to be read again> 
                   \relax 
l.104 \mbox{}\newpage
                      [2

])
\openout2 = `self_declaration.aux'.

 (./self_declaration.tex) [3


]
\openout2 = `guide_dedication.aux'.

 (./guide_dedication.tex) [4


]
\openout2 = `guide_acknowledgments.aux'.

 (./guide_acknowledgments.tex) [5



] [6


] (./guideFUB-basic.toc
LaTeX Font Info:    Try loading font information for U+msa on input line 5.

(c:/texlive/2017/texmf-dist/tex/latex/amsfonts/umsa.fd
File: umsa.fd 2013/01/14 v3.01 AMS symbols A
)
LaTeX Font Info:    Try loading font information for U+msb on input line 5.

(c:/texlive/2017/texmf-dist/tex/latex/amsfonts/umsb.fd
File: umsb.fd 2013/01/14 v3.01 AMS symbols B
)
LaTeX Font Info:    Try loading font information for U+rsfs on input line 5.

(c:/texlive/2017/texmf-dist/tex/latex/jknapltx/ursfs.fd
File: ursfs.fd 1998/03/24 rsfs font definition file (jk)
) [7])
\tf@toc=\write5
\openout5 = `guideFUB-basic.toc'.

 [8]
(./guideFUB-basic.lof [9

])
\tf@lof=\write6
\openout6 = `guideFUB-basic.lof'.

 [10]
\openout2 = `guide_abstract.aux'.

 (./guide_abstract.tex) [11


] [12


]
\openout2 = `guide_ch1.aux'.


(./guide_ch1.tex
Chapter 1.
[1


]) [2]
\openout2 = `guide_ch2.aux'.

 (./guide_ch2.tex
Chapter 2.
[3



]
Overfull \hbox (28.20172pt too wide) in paragraph at lines 56--57
[]\T1/cmr/m/it/12 If $\OML/cmm/m/it/12 t[]; t[]; [] ; t[] \OMS/cmsy/m/n/12 2 \O
ML/cmm/m/it/12 Terms$ \T1/cmr/m/it/12 and $\OML/cmm/m/it/12 f[]$ \T1/cmr/m/it/1
2 is a k-ary func-tion sym-bol, then $\OML/cmm/m/it/12 f[]\OT1/cmr/m/n/12 (\OML
/cmm/m/it/12 t[]; t[]; [] ; t[]\OT1/cmr/m/n/12 ) \OMS/cmsy/m/n/12 2
 []

[4]
Overfull \hbox (6.17352pt too wide) in paragraph at lines 63--64
[]\T1/cmr/m/it/12 If $\OML/cmm/m/it/12 t[]; t[]; [] ; t[] \OMS/cmsy/m/n/12 2 \O
ML/cmm/m/it/12 Terms$ \T1/cmr/m/it/12 and $\OML/cmm/m/it/12 P[]$ \T1/cmr/m/it/1
2 is a k-ary pred-i-cate [][][][][], then $\OML/cmm/m/it/12 P[]\OT1/cmr/m/n/12 
(\OML/cmm/m/it/12 t[]; t[]; [] ; t[]\OT1/cmr/m/n/12 ) \OMS/cmsy/m/n/12 2$
 []

[5] [6]
Overfull \hbox (9.14577pt too wide) in paragraph at lines 168--169
[][]\T1/cmr/bx/sc/12 Definition \T1/cmr/bx/n/12 2.9. []\T1/cmr/m/it/12 Given an
 in-ter-pre-ta-tion $\OML/cmm/m/it/12 I$\T1/cmr/m/it/12 , the \T1/cmr/bx/it/12 
an-swer to a query $\OML/cmm/m/it/12 '\OT1/cmr/m/n/12 (\OML/cmm/m/it/12 x[]; []
 ; x[]\OT1/cmr/m/n/12 )$
 []

[7] [8] (c:/texlive/2017/texmf-dist/tex/latex/listings/lstlang1.sty
File: lstlang1.sty 2015/06/04 1.6 listings language file
)
LaTeX Font Info:    Font shape `T1/cmtt/bx/n' in size <12> not available
(Font)              Font shape `T1/cmtt/m/n' tried instead on input line 226.
) [9]
\openout2 = `guide_ch3.aux'.


(./guide_ch3.tex [10



]
Chapter 3.


pdfTeX warning: pdflatex.exe (file ./images/CPN/CPN_abstract_taxi_example.pdf):
 PDF inclusion: found PDF version <1.6>, but at most version <1.5> allowed

<./images/CPN/CPN_abstract_taxi_example.pdf, id=528, 488.46492pt x 261.39659pt>
File: ./images/CPN/CPN_abstract_taxi_example.pdf Graphic file (type pdf)
<use ./images/CPN/CPN_abstract_taxi_example.pdf>
Package pdftex.def Info: ./images/CPN/CPN_abstract_taxi_example.pdf used on inp
ut line 11.
(pdftex.def)             Requested size: 244.23186pt x 130.69797pt.

<./images/CPN/CPN_Taxi_Booking.pdf, id=530, 1142.2675pt x 704.6325pt>
File: ./images/CPN/CPN_Taxi_Booking.pdf Graphic file (type pdf)

<use ./images/CPN/CPN_Taxi_Booking.pdf>
Package pdftex.def Info: ./images/CPN/CPN_Taxi_Booking.pdf used on input line 2
1.
(pdftex.def)             Requested size: 399.79962pt x 246.62508pt.
 [11] [12 <./images/CPN/CPN_abstract_taxi_example.pdf> <./images/CPN/CPN_Taxi_B
ooking.pdf>] [13] [14] [15] [16]
Overfull \hbox (6.96066pt too wide) in paragraph at lines 163--163
 []\T1/cmr/m/n/12 With the ex-pla-na-tion of the above func-tions, we de-fine n
on-hierarchical coloured
 []

[17]
<./images/CPN/CPN_Taxi_Booking_initial_step.pdf, id=633, 1142.2675pt x 704.6325
pt>
File: ./images/CPN/CPN_Taxi_Booking_initial_step.pdf Graphic file (type pdf)
 <use ./images/CPN/CPN_Taxi_Booking_initial_step.pdf>
Package pdftex.def Info: ./images/CPN/CPN_Taxi_Booking_initial_step.pdf used on
 input line 191.
(pdftex.def)             Requested size: 399.79962pt x 246.62508pt.

Underfull \vbox (badness 3965) has occurred while \output is active []

 [18 <./images/CPN/CPN_Taxi_Booking_initial_step.pdf>] [19]
Overfull \hbox (6.24135pt too wide) in paragraph at lines 252--253
[]\T1/cmr/m/it/12 A \T1/cmr/bx/it/12 bind-ing \T1/cmr/m/it/12 of a tran-si-tion
 $\OT1/cmr/m/it/12 t$ \T1/cmr/m/it/12 is a func-tion $\OT1/cmr/m/it/12 b$ \T1/c
mr/m/it/12 that maps each vari-able $[]$
 []

[20] [21]
<./images/CPN/CPN_Taxi_Booking_one_step.pdf, id=695, 1142.2675pt x 704.6325pt>
File: ./images/CPN/CPN_Taxi_Booking_one_step.pdf Graphic file (type pdf)

<use ./images/CPN/CPN_Taxi_Booking_one_step.pdf>
Package pdftex.def Info: ./images/CPN/CPN_Taxi_Booking_one_step.pdf used on inp
ut line 311.
(pdftex.def)             Requested size: 399.79962pt x 246.62508pt.

Overfull \hbox (7.79349pt too wide) in paragraph at lines 318--318
 []\T1/cmr/m/n/12 In Fig-ure [][]3.4[][], there are 3 tran-si-tions which are e
n-abled, namely, $[]$,
 []

[22 <./images/CPN/CPN_Taxi_Booking_one_step.pdf>] [23] [24]
<./images/CPN/CPN_Taxi_Booking_simple.pdf, id=749, 989.6975pt x 585.18625pt>
File: ./images/CPN/CPN_Taxi_Booking_simple.pdf Graphic file (type pdf)

<use ./images/CPN/CPN_Taxi_Booking_simple.pdf>
Package pdftex.def Info: ./images/CPN/CPN_Taxi_Booking_simple.pdf used on input
 line 425.
(pdftex.def)             Requested size: 395.87198pt x 234.07034pt.

<./images/CPN/CPN_Taxi_Booking_State_Space.pdf, id=750, 1581.91pt x 1276.77pt>
File: ./images/CPN/CPN_Taxi_Booking_State_Space.pdf Graphic file (type pdf)

<use ./images/CPN/CPN_Taxi_Booking_State_Space.pdf>
Package pdftex.def Info: ./images/CPN/CPN_Taxi_Booking_State_Space.pdf used on 
input line 431.
(pdftex.def)             Requested size: 332.2109pt x 268.12961pt.
) [25] [26 <./images/CPN/CPN_Taxi_Booking_simple.pdf> <./images/CPN/CPN_Taxi_Bo
oking_State_Space.pdf>]
[27]
\openout2 = `guide_ch4.aux'.

 (./guide_ch4.tex [28



]
Chapter 4.


pdfTeX warning: pdflatex.exe (file ./images/DBN/DBN_PN_Informal.pdf): PDF inclu
sion: found PDF version <1.6>, but at most version <1.5> allowed
<./images/DBN/DBN_PN_Informal.pdf, id=797, 284.28207pt x 126.48254pt>
File: ./images/DBN/DBN_PN_Informal.pdf Graphic file (type pdf)

<use ./images/DBN/DBN_PN_Informal.pdf>
Package pdftex.def Info: ./images/DBN/DBN_PN_Informal.pdf used on input line 12
.
(pdftex.def)             Requested size: 206.49962pt x 91.87407pt.


pdfTeX warning: pdflatex.exe (file ./images/DBN/DBN_DataModel_Informal.pdf): PD
F inclusion: found PDF version <1.6>, but at most version <1.5> allowed
<./images/DBN/DBN_DataModel_Informal.pdf, id=798, 198.76257pt x 124.67578pt>
File: ./images/DBN/DBN_DataModel_Informal.pdf Graphic file (type pdf)

<use ./images/DBN/DBN_DataModel_Informal.pdf>
Package pdftex.def Info: ./images/DBN/DBN_DataModel_Informal.pdf used on input 
line 18.
(pdftex.def)             Requested size: 144.5491pt x 90.67392pt.
 [29 <./images/DBN/DBN_PN_Informal.pdf> <./images/DBN/DBN_DataModel_Informal.pd
f>]
<./images/DBN/DBN_Framework.pdf, id=818, 494.84875pt x 443.6575pt>
File: ./images/DBN/DBN_Framework.pdf Graphic file (type pdf)

<use ./images/DBN/DBN_Framework.pdf>
Package pdftex.def Info: ./images/DBN/DBN_Framework.pdf used on input line 30.
(pdftex.def)             Requested size: 173.19966pt x 155.28244pt.
 [30 <./images/DBN/DBN_Framework.pdf>]

pdfTeX warning: pdflatex.exe (file ./images/DBN/DBN_Taxi_Example.pdf): PDF incl
usion: found PDF version <1.6>, but at most version <1.5> allowed
<./images/DBN/DBN_Taxi_Example.pdf, id=840, 528.82567pt x 252.96507pt>
File: ./images/DBN/DBN_Taxi_Example.pdf Graphic file (type pdf)

<use ./images/DBN/DBN_Taxi_Example.pdf>
Package pdftex.def Info: ./images/DBN/DBN_Taxi_Example.pdf used on input line 6
0.
(pdftex.def)             Requested size: 423.0611pt x 202.37231pt.

Overfull \hbox (10.06184pt too wide) in paragraph at lines 60--61
 [][] 
 []

[31 <./images/DBN/DBN_Taxi_Example.pdf>] [32] [33]
Overfull \hbox (4.88625pt too wide) in paragraph at lines 261--262
[]$[]$ \T1/cmr/m/it/12 is sym-met-ric. i.e. $[]$ iff $[]$ and $[]$. 
 []

[34] [35]
<./images/DBN/DBN_CPNTools_Taxi_Example.pdf, id=929, 1238.6275pt x 681.54625pt>
File: ./images/DBN/DBN_CPNTools_Taxi_Example.pdf Graphic file (type pdf)
<use ./images/DBN/DBN_CPNTools_Taxi_Example.pdf>
Package pdftex.def Info: ./images/DBN/DBN_CPNTools_Taxi_Example.pdf used on inp
ut line 358.
(pdftex.def)             Requested size: 408.74834pt x 224.91095pt.
 [36 <./images/DBN/DBN_CPNTools_Taxi_Example.pdf>]) [37]
\openout2 = `guide_ch5.aux'.

 (./guide_ch5.tex [38



]
Chapter 5.
[39]
<./images/DBN_Impl/DBN_Impl_CPN_Tools_Architecture.pdf, id=979, 292.09125pt x 8
2.3075pt>
File: ./images/DBN_Impl/DBN_Impl_CPN_Tools_Architecture.pdf Graphic file (type 
pdf)
 <use ./images/DBN_Impl/DBN_Impl_CPN_Tools_Architecture.pdf>
Package pdftex.def Info: ./images/DBN_Impl/DBN_Impl_CPN_Tools_Architecture.pdf 
used on input line 40.
(pdftex.def)             Requested size: 102.23346pt x 28.80804pt.

<./images/DBN_Impl/DBN_Impl_CPN_Tools_Architecture_Access_CPN.pdf, id=982, 292.
09125pt x 82.3075pt>
File: ./images/DBN_Impl/DBN_Impl_CPN_Tools_Architecture_Access_CPN.pdf Graphic 
file (type pdf)

<use ./images/DBN_Impl/DBN_Impl_CPN_Tools_Architecture_Access_CPN.pdf>
Package pdftex.def Info: ./images/DBN_Impl/DBN_Impl_CPN_Tools_Architecture_Acce
ss_CPN.pdf used on input line 40.
(pdftex.def)             Requested size: 102.23346pt x 28.80804pt.

<./images/DBN_Impl/DBN_Impl_CPN_Tools_Architecture_Extension.pdf, id=984, 462.7
2874pt x 82.3075pt>
File: ./images/DBN_Impl/DBN_Impl_CPN_Tools_Architecture_Extension.pdf Graphic f
ile (type pdf)

<use ./images/DBN_Impl/DBN_Impl_CPN_Tools_Architecture_Extension.pdf>
Package pdftex.def Info: ./images/DBN_Impl/DBN_Impl_CPN_Tools_Architecture_Exte
nsion.pdf used on input line 40.
(pdftex.def)             Requested size: 161.95749pt x 28.80804pt.
 [40 <./images/DBN_Impl/DBN_Impl_CPN_Tools_Architecture.pdf> <./images/DBN_Impl
/DBN_Impl_CPN_Tools_Architecture_Access_CPN.pdf> <./images/DBN_Impl/DBN_Impl_CP
N_Tools_Architecture_Extension.pdf>]
<./images/DBN_Impl/DBN_Impl_CPN_Tools_Extension_External_Environment.pdf, id=10
08, 603.25375pt x 403.5075pt>
File: ./images/DBN_Impl/DBN_Impl_CPN_Tools_Extension_External_Environment.pdf G
raphic file (type pdf)

<use ./images/DBN_Impl/DBN_Impl_CPN_Tools_Extension_External_Environment.pdf>
Package pdftex.def Info: ./images/DBN_Impl/DBN_Impl_CPN_Tools_Extension_Externa
l_Environment.pdf used on input line 48.
(pdftex.def)             Requested size: 211.14197pt x 141.22974pt.


pdfTeX warning: pdflatex.exe (file ./images/DBN_Impl/DBN_Impl_COMMS_CPN_Layer.p
df): PDF inclusion: found PDF version <1.6>, but at most version <1.5> allowed

<./images/DBN_Impl/DBN_Impl_COMMS_CPN_Layer.pdf, id=1012, 409.97165pt x 317.987
99pt>
File: ./images/DBN_Impl/DBN_Impl_COMMS_CPN_Layer.pdf Graphic file (type pdf)
 <use ./images/DBN_Impl/DBN_Impl_COMMS_CPN_Layer.pdf>
Package pdftex.def Info: ./images/DBN_Impl/DBN_Impl_COMMS_CPN_Layer.pdf used on
 input line 57.
(pdftex.def)             Requested size: 143.49222pt x 111.29745pt.
 [41 <./images/DBN_Impl/DBN_Impl_CPN_Tools_Extension_External_Environment.pdf>]

<./images/DBN_Impl/DBN_Impl_Comms_Architecture_JAVA_CPN.pdf, id=1030, 603.25375
pt x 62.2325pt>
File: ./images/DBN_Impl/DBN_Impl_Comms_Architecture_JAVA_CPN.pdf Graphic file (
type pdf)

<use ./images/DBN_Impl/DBN_Impl_Comms_Architecture_JAVA_CPN.pdf>
Package pdftex.def Info: ./images/DBN_Impl/DBN_Impl_Comms_Architecture_JAVA_CPN
.pdf used on input line 66.
(pdftex.def)             Requested size: 211.14197pt x 21.7817pt.
 [42 <./images/DBN_Impl/DBN_Impl_COMMS_CPN_Layer.pdf> <./images/DBN_Impl/DBN_Im
pl_Comms_Architecture_JAVA_CPN.pdf>]
<./images/DBN_Impl/DBN_Impl_Mapping_Framework.pdf, id=1052, 785.93625pt x 521.9
5pt>
File: ./images/DBN_Impl/DBN_Impl_Mapping_Framework.pdf Graphic file (type pdf)
 <use ./images/DBN_Impl/DBN_Impl_Mapping_Framework.pdf>
Package pdftex.def Info: ./images/DBN_Impl/DBN_Impl_Mapping_Framework.pdf used 
on input line 96.
(pdftex.def)             Requested size: 275.0818pt x 182.68523pt.
 [43]
<./images/DBN_Impl/DBN_Impl_Java_App_Division.pdf, id=1070, 603.25375pt x 403.5
075pt>
File: ./images/DBN_Impl/DBN_Impl_Java_App_Division.pdf Graphic file (type pdf)
 <use ./images/DBN_Impl/DBN_Impl_Java_App_Division.pdf>
Package pdftex.def Info: ./images/DBN_Impl/DBN_Impl_Java_App_Division.pdf used 
on input line 117.
(pdftex.def)             Requested size: 211.14197pt x 141.22974pt.

<./images/DBN_Impl/DBN_Impl_Layer_Framework.pdf, id=1072, 713.66624pt x 403.507
5pt>
File: ./images/DBN_Impl/DBN_Impl_Layer_Framework.pdf Graphic file (type pdf)
 <use ./images/DBN_Impl/DBN_Impl_Layer_Framework.pdf>
Package pdftex.def Info: ./images/DBN_Impl/DBN_Impl_Layer_Framework.pdf used on
 input line 117.
(pdftex.def)             Requested size: 249.78693pt x 141.22974pt.
 [44 <./images/DBN_Impl/DBN_Impl_Mapping_Framework.pdf> <./images/DBN_Impl/DBN_
Impl_Java_App_Division.pdf>]
<./images/DBN_Impl/DBN_Impl_Short_VP_AT_Example.pdf, id=1089, 104.39pt x 202.75
75pt>
File: ./images/DBN_Impl/DBN_Impl_Short_VP_AT_Example.pdf Graphic file (type pdf
)
 <use ./images/DBN_Impl/DBN_Impl_Short_VP_AT_Example.pdf>
Package pdftex.def Info: ./images/DBN_Impl/DBN_Impl_Short_VP_AT_Example.pdf use
d on input line 132.
(pdftex.def)             Requested size: 36.53703pt x 70.96619pt.

(c:/texlive/2017/texmf-dist/tex/latex/listings/lstlang1.sty
File: lstlang1.sty 2015/06/04 1.6 listings language file
)
(c:/texlive/2017/texmf-dist/tex/latex/listings/lstlang2.sty
File: lstlang2.sty 2015/06/04 1.6 listings language file
) [45 <./images/DBN_Impl/DBN_Impl_Layer_Framework.pdf>] [46 <./images/DBN_Impl/
DBN_Impl_Short_VP_AT_Example.pdf>]
<./images/DBN_Impl/DBN_Impl_Short_VP_AT_Example_1.pdf, id=1131, 603.25375pt x 3
23.2075pt>
File: ./images/DBN_Impl/DBN_Impl_Short_VP_AT_Example_1.pdf Graphic file (type p
df)
 <use ./images/DBN_Impl/DBN_Impl_Short_VP_AT_Example_1.pdf>
Package pdftex.def Info: ./images/DBN_Impl/DBN_Impl_Short_VP_AT_Example_1.pdf u
sed on input line 177.
(pdftex.def)             Requested size: 331.79059pt x 177.76466pt.
 [47 <./images/DBN_Impl/DBN_Impl_Short_VP_AT_Example_1.pdf>]
<./images/DBN_Impl/DBN_Impl_Extension_Communication_Pattern.pdf, id=1158, 774.8
95pt x 715.67375pt>
File: ./images/DBN_Impl/DBN_Impl_Extension_Communication_Pattern.pdf Graphic fi
le (type pdf)

<use ./images/DBN_Impl/DBN_Impl_Extension_Communication_Pattern.pdf>
Package pdftex.def Info: ./images/DBN_Impl/DBN_Impl_Extension_Communication_Pat
tern.pdf used on input line 209.
(pdftex.def)             Requested size: 309.95251pt x 286.26442pt.
 [48]
[49 <./images/DBN_Impl/DBN_Impl_Extension_Communication_Pattern.pdf>] [50]

pdfTeX warning: pdflatex.exe (file ./images/DBN_Impl/DBN_Impl_Persistence_Layer
.pdf): PDF inclusion: found PDF version <1.6>, but at most version <1.5> allowe
d

<./images/DBN_Impl/DBN_Impl_Persistence_Layer.pdf, id=1194, 657.53656pt x 283.0
575pt>
File: ./images/DBN_Impl/DBN_Impl_Persistence_Layer.pdf Graphic file (type pdf)
 <use ./images/DBN_Impl/DBN_Impl_Persistence_Layer.pdf>
Package pdftex.def Info: ./images/DBN_Impl/DBN_Impl_Persistence_Layer.pdf used 
on input line 232.
(pdftex.def)             Requested size: 295.88872pt x 127.37468pt.

<./images/DBN_Impl/DBN_Impl_CPN_Taxi_Booking.pdf, id=1198, 1142.2675pt x 684.55
75pt>
File: ./images/DBN_Impl/DBN_Impl_CPN_Taxi_Booking.pdf Graphic file (type pdf)
 <use ./images/DBN_Impl/DBN_Impl_CPN_Taxi_Booking.pdf>
Package pdftex.def Info: ./images/DBN_Impl/DBN_Impl_CPN_Taxi_Booking.pdf used o
n input line 241.
(pdftex.def)             Requested size: 399.79962pt x 239.59871pt.


pdfTeX warning: pdflatex.exe (file ./images/DBN_Impl/DBN_Impl_Control_Layer.pdf
): PDF inclusion: found PDF version <1.6>, but at most version <1.5> allowed

<./images/DBN_Impl/DBN_Impl_Control_Layer.pdf, id=1199, 504.34422pt x 330.81894
pt>
File: ./images/DBN_Impl/DBN_Impl_Control_Layer.pdf Graphic file (type pdf)
 <use ./images/DBN_Impl/DBN_Impl_Control_Layer.pdf>
Package pdftex.def Info: ./images/DBN_Impl/DBN_Impl_Control_Layer.pdf used on i
nput line 248.
(pdftex.def)             Requested size: 302.60886pt x 198.49289pt.
 [51 <./images/DBN_Impl/DBN_Impl_Persistence_Layer.pdf>] [52 <./images/DBN_Impl
/DBN_Impl_CPN_Taxi_Booking.pdf> <./images/DBN_Impl/DBN_Impl_Control_Layer.pdf>]


pdfTeX warning: pdflatex.exe (file ./images/DBN_Impl/DBN_Impl_Data_Acquisition.
pdf): PDF inclusion: found PDF version <1.6>, but at most version <1.5> allowed


<./images/DBN_Impl/DBN_Impl_Data_Acquisition.pdf, id=1325, 591.29912pt x 463.18
045pt>
File: ./images/DBN_Impl/DBN_Impl_Data_Acquisition.pdf Graphic file (type pdf)
 <use ./images/DBN_Impl/DBN_Impl_Data_Acquisition.pdf>
Package pdftex.def Info: ./images/DBN_Impl/DBN_Impl_Data_Acquisition.pdf used o
n input line 292.
(pdftex.def)             Requested size: 206.95778pt x 162.11557pt.
 [53 <./images/DBN_Impl/DBN_Impl_Data_Acquisition.pdf>]
<./images/DBN_Impl/DBN_Impl_SID_Generator.pdf, id=1351, 840.13875pt x 363.3575p
t>
File: ./images/DBN_Impl/DBN_Impl_SID_Generator.pdf Graphic file (type pdf)
 <use ./images/DBN_Impl/DBN_Impl_SID_Generator.pdf>
Package pdftex.def Info: ./images/DBN_Impl/DBN_Impl_SID_Generator.pdf used on i
nput line 328.
(pdftex.def)             Requested size: 294.05296pt x 127.17702pt.
 [54]

pdfTeX warning: pdflatex.exe (file ./images/DBN_Impl/DBN_Impl_Finalize_Booking.
pdf): PDF inclusion: found PDF version <1.6>, but at most version <1.5> allowed


<./images/DBN_Impl/DBN_Impl_Finalize_Booking.pdf, id=1380, 716.6775pt x 443.737
8pt>
File: ./images/DBN_Impl/DBN_Impl_Finalize_Booking.pdf Graphic file (type pdf)
 <use ./images/DBN_Impl/DBN_Impl_Finalize_Booking.pdf>
Package pdftex.def Info: ./images/DBN_Impl/DBN_Impl_Finalize_Booking.pdf used o
n input line 354.
(pdftex.def)             Requested size: 250.84088pt x 155.31055pt.
 [55 <./images/DBN_Impl/DBN_Impl_SID_Generator.pdf>] [56 <./images/DBN_Impl/DBN
_Impl_Finalize_Booking.pdf>] [57] [58] [59]
<./images/DBN_Impl/DBN_Impl_executable_model.pdf, id=1500, 1148.29pt x 671.5087
4pt>
File: ./images/DBN_Impl/DBN_Impl_executable_model.pdf Graphic file (type pdf)
 <use ./images/DBN_Impl/DBN_Impl_executable_model.pdf>
Package pdftex.def Info: ./images/DBN_Impl/DBN_Impl_executable_model.pdf used o
n input line 457.
(pdftex.def)             Requested size: 401.90752pt x 235.03159pt.


pdfTeX warning: pdflatex.exe (file ./images/DBN_Impl/DBN_Impl_Extension_Dialog.
pdf): PDF inclusion: found PDF version <1.6>, but at most version <1.5> allowed


<./images/DBN_Impl/DBN_Impl_Extension_Dialog.pdf, id=1501, 345.11935pt x 266.21
457pt>
File: ./images/DBN_Impl/DBN_Impl_Extension_Dialog.pdf Graphic file (type pdf)
 <use ./images/DBN_Impl/DBN_Impl_Extension_Dialog.pdf>
Package pdftex.def Info: ./images/DBN_Impl/DBN_Impl_Extension_Dialog.pdf used o
n input line 464.
(pdftex.def)             Requested size: 258.83887pt x 199.66043pt.
 [60 <./images/DBN_Impl/DBN_Impl_executable_model.pdf>]) [61 <./images/DBN_Impl
/DBN_Impl_Extension_Dialog.pdf>]
\openout2 = `guide_ch6.aux'.

 (./guide_ch6.tex [62



]
Chapter 6.
<./images/DBN_SS/DBN_SS_Faulty_Net.pdf, id=1544, 792.9625pt x 316.18124pt>
File: ./images/DBN_SS/DBN_SS_Faulty_Net.pdf Graphic file (type pdf)

<use ./images/DBN_SS/DBN_SS_Faulty_Net.pdf>
Package pdftex.def Info: ./images/DBN_SS/DBN_SS_Faulty_Net.pdf used on input li
ne 11.
(pdftex.def)             Requested size: 317.17938pt x 126.47025pt.

<./images/DBN_SS/DBN_SS_Expected_State_Space.pdf, id=1548, 705.63625pt x 450.68
375pt>
File: ./images/DBN_SS/DBN_SS_Expected_State_Space.pdf Graphic file (type pdf)
 <use ./images/DBN_SS/DBN_SS_Expected_State_Space.pdf>
Package pdftex.def Info: ./images/DBN_SS/DBN_SS_Expected_State_Space.pdf used o
n input line 20.
(pdftex.def)             Requested size: 282.2495pt x 180.2703pt.
 [63 <./images/DBN_SS/DBN_SS_Faulty_Net.pdf>]
Overfull \hbox (9.11903pt too wide) detected at line 27
\OMS/cmsy/m/n/12 h\OML/cmm/m/it/12 arcNumber \OT1/cmr/m/n/12 : \OML/cmm/m/it/12
 sourceNode \OMS/cmsy/m/n/12 ! \OML/cmm/m/it/12 targetNode transitionName \OT1/
cmr/m/n/12 : \OMS/cmsy/m/n/12 f\OML/cmm/m/it/12 variableBindings\OMS/cmsy/m/n/1
2 gi
 []


LaTeX Warning: Command \textquotesingle invalid in math mode on input line 27.


LaTeX Warning: Command \textquotesingle invalid in math mode on input line 27.


<./images/DBN_SS/DBN_SS_Faulty_Net_State_Space.pdf, id=1582, 969.6225pt x 372.3
9125pt>
File: ./images/DBN_SS/DBN_SS_Faulty_Net_State_Space.pdf Graphic file (type pdf)

 <use ./images/DBN_SS/DBN_SS_Faulty_Net_State_Space.pdf>
Package pdftex.def Info: ./images/DBN_SS/DBN_SS_Faulty_Net_State_Space.pdf used
 on input line 30.
(pdftex.def)             Requested size: 387.84213pt x 148.95386pt.
 [64 <./images/DBN_SS/DBN_SS_Expected_State_Space.pdf>] [65 <./images/DBN_SS/DB
N_SS_Faulty_Net_State_Space.pdf>]

pdfTeX warning: pdflatex.exe (file ./images/DBN_SS/DBN_SS_Layer_Architecture_Sh
ared.pdf): PDF inclusion: found PDF version <1.6>, but at most version <1.5> al
lowed

<./images/DBN_SS/DBN_SS_Layer_Architecture_Shared.pdf, id=1619, 713.66624pt x 4
03.5075pt>
File: ./images/DBN_SS/DBN_SS_Layer_Architecture_Shared.pdf Graphic file (type p
df)
 <use ./images/DBN_SS/DBN_SS_Layer_Architecture_Shared.pdf>
Package pdftex.def Info: ./images/DBN_SS/DBN_SS_Layer_Architecture_Shared.pdf u
sed on input line 49.
(pdftex.def)             Requested size: 285.46143pt x 161.40013pt.
 [66 <./images/DBN_SS/DBN_SS_Layer_Architecture_Shared.pdf>]

LaTeX Warning: Characters dropped after `\end{verbatim}' on input line 63.


<./images/DBN_SS/DBN_SS_Relational_Schema.pdf, id=1701, 366.36874pt x 251.94125
pt>
File: ./images/DBN_SS/DBN_SS_Relational_Schema.pdf Graphic file (type pdf)
 <use ./images/DBN_SS/DBN_SS_Relational_Schema.pdf>
Package pdftex.def Info: ./images/DBN_SS/DBN_SS_Relational_Schema.pdf used on i
nput line 77.
(pdftex.def)             Requested size: 183.18391pt x 125.9703pt.

<./images/DBN_SS/DBN_SS_View_Place_1.pdf, id=1703, 463.7325pt x 304.13625pt>
File: ./images/DBN_SS/DBN_SS_View_Place_1.pdf Graphic file (type pdf)

<use ./images/DBN_SS/DBN_SS_View_Place_1.pdf>
Package pdftex.def Info: ./images/DBN_SS/DBN_SS_View_Place_1.pdf used on input 
line 85.
(pdftex.def)             Requested size: 231.86568pt x 152.06775pt.
 [67]
<./images/DBN_SS/DBN_SS_Relational_Place_1.pdf, id=1716, 513.92pt x 384.43625pt
>
File: ./images/DBN_SS/DBN_SS_Relational_Place_1.pdf Graphic file (type pdf)
 <use ./images/DBN_SS/DBN_SS_Relational_Place_1.pdf>
Package pdftex.def Info: ./images/DBN_SS/DBN_SS_Relational_Place_1.pdf used on 
input line 93.
(pdftex.def)             Requested size: 256.95937pt x 192.21765pt.


LaTeX Warning: `h' float specifier changed to `ht'.

[68 <./images/DBN_SS/DBN_SS_Relational_Schema.pdf> <./images/DBN_SS/DBN_SS_View
_Place_1.pdf>]
<./images/DBN_SS/DBN_SS_View_Place_2.pdf, id=1737, 515.9275pt x 328.22626pt>
File: ./images/DBN_SS/DBN_SS_View_Place_2.pdf Graphic file (type pdf)

<use ./images/DBN_SS/DBN_SS_View_Place_2.pdf>
Package pdftex.def Info: ./images/DBN_SS/DBN_SS_View_Place_2.pdf used on input 
line 107.
(pdftex.def)             Requested size: 257.96312pt x 164.11272pt.

<./images/DBN_SS/DBN_SS_Relational_Place_2.pdf, id=1738, 871.255pt x 724.7075pt
>
File: ./images/DBN_SS/DBN_SS_Relational_Place_2.pdf Graphic file (type pdf)
 <use ./images/DBN_SS/DBN_SS_Relational_Place_2.pdf>
Package pdftex.def Info: ./images/DBN_SS/DBN_SS_Relational_Place_2.pdf used on 
input line 116.
(pdftex.def)             Requested size: 348.49583pt x 289.87787pt.
 [69 <./images/DBN_SS/DBN_SS_Relational_Place_1.pdf>] [70 <./images/DBN_SS/DBN_
SS_View_Place_2.pdf> <./images/DBN_SS/DBN_SS_Relational_Place_2.pdf>]
<./images/DBN_SS/DBN_SS_Add_Operation.pdf, id=1798, 624.3325pt x 437.635pt>
File: ./images/DBN_SS/DBN_SS_Add_Operation.pdf Graphic file (type pdf)

<use ./images/DBN_SS/DBN_SS_Add_Operation.pdf>
Package pdftex.def Info: ./images/DBN_SS/DBN_SS_Add_Operation.pdf used on input
 line 136.
(pdftex.def)             Requested size: 249.72858pt x 175.05089pt.

<./images/DBN_SS/DBN_SS_Add_Operation_Relational_Place.pdf, id=1800, 1028.84375
pt x 663.47874pt>
File: ./images/DBN_SS/DBN_SS_Add_Operation_Relational_Place.pdf Graphic file (t
ype pdf)

<use ./images/DBN_SS/DBN_SS_Add_Operation_Relational_Place.pdf>
Package pdftex.def Info: ./images/DBN_SS/DBN_SS_Add_Operation_Relational_Place.
pdf used on input line 145.
(pdftex.def)             Requested size: 411.53021pt x 265.3868pt.
 [71 <./images/DBN_SS/DBN_SS_Add_Operation.pdf>]

pdfTeX warning: pdflatex.exe (file ./images/DBN_SS/DBN_SS_Delete_Operation.pdf)
: PDF inclusion: found PDF version <1.6>, but at most version <1.5> allowed

<./images/DBN_SS/DBN_SS_Delete_Operation.pdf, id=1825, 644.4075pt x 437.635pt>
File: ./images/DBN_SS/DBN_SS_Delete_Operation.pdf Graphic file (type pdf)

<use ./images/DBN_SS/DBN_SS_Delete_Operation.pdf>
Package pdftex.def Info: ./images/DBN_SS/DBN_SS_Delete_Operation.pdf used on in
put line 160.
(pdftex.def)             Requested size: 257.75844pt x 175.05089pt.

<./images/DBN_SS/DBN_SS_Delete_Operation_Relational_Place.pdf, id=1826, 1007.76
5pt x 663.47874pt>
File: ./images/DBN_SS/DBN_SS_Delete_Operation_Relational_Place.pdf Graphic file
 (type pdf)

<use ./images/DBN_SS/DBN_SS_Delete_Operation_Relational_Place.pdf>
Package pdftex.def Info: ./images/DBN_SS/DBN_SS_Delete_Operation_Relational_Pla
ce.pdf used on input line 160.
(pdftex.def)             Requested size: 403.09886pt x 265.3868pt.

Overfull \hbox (0.8029pt too wide) in paragraph at lines 182--182
 []\T1/cmr/m/n/12 For $[]$ op-er-a-tion, we can model it us-ing the trans-for-m
a-tion of DELETE
 []


<./images/DBN_SS/DBN_SS_Multi_Operations.pdf, id=1827, 656.4525pt x 453.695pt>
File: ./images/DBN_SS/DBN_SS_Multi_Operations.pdf Graphic file (type pdf)

<use ./images/DBN_SS/DBN_SS_Multi_Operations.pdf>
Package pdftex.def Info: ./images/DBN_SS/DBN_SS_Multi_Operations.pdf used on in
put line 186.
(pdftex.def)             Requested size: 262.57634pt x 181.47478pt.
 [72 <./images/DBN_SS/DBN_SS_Add_Operation_Relational_Place.pdf>] [73 <./images
/DBN_SS/DBN_SS_Delete_Operation.pdf> <./images/DBN_SS/DBN_SS_Delete_Operation_R
elational_Place.pdf>]
<./images/DBN_SS/DBN_SS_Multi_Operations_Relational_Places.pdf, id=1921, 1369.1
15pt x 754.82pt>
File: ./images/DBN_SS/DBN_SS_Multi_Operations_Relational_Places.pdf Graphic fil
e (type pdf)

<use ./images/DBN_SS/DBN_SS_Multi_Operations_Relational_Places.pdf>
Package pdftex.def Info: ./images/DBN_SS/DBN_SS_Multi_Operations_Relational_Pla
ces.pdf used on input line 193.
(pdftex.def)             Requested size: 547.6363pt x 301.92265pt.

<./images/DBN_SS/DBN_SS_Taxi_Booking_model.pdf, id=1929, 1027.84pt x 541.02126p
t>
File: ./images/DBN_SS/DBN_SS_Taxi_Booking_model.pdf Graphic file (type pdf)
 <use ./images/DBN_SS/DBN_SS_Taxi_Booking_model.pdf>
Package pdftex.def Info: ./images/DBN_SS/DBN_SS_Taxi_Booking_model.pdf used on 
input line 207.
(pdftex.def)             Requested size: 411.12872pt x 216.40466pt.

<./images/DBN_SS/DBN_SS_Correct_CPN_Tools.pdf, id=1930, 857.2025pt x 698.61pt>
File: ./images/DBN_SS/DBN_SS_Correct_CPN_Tools.pdf Graphic file (type pdf)

<use ./images/DBN_SS/DBN_SS_Correct_CPN_Tools.pdf>
Package pdftex.def Info: ./images/DBN_SS/DBN_SS_Correct_CPN_Tools.pdf used on i
nput line 211.
(pdftex.def)             Requested size: 342.87492pt x 279.43904pt.
 [74 <./images/DBN_SS/DBN_SS_Multi_Operations.pdf>] [75 <./images/DBN_SS/DBN_SS
_Multi_Operations_Relational_Places.pdf>]) [76 <./images/DBN_SS/DBN_SS_Taxi_Boo
king_model.pdf> <./images/DBN_SS/DBN_SS_Correct_CPN_Tools.pdf>] [77]
\openout2 = `guide_ch7.aux'.

 (./guide_ch7.tex [78



]
Chapter 7.
) [79]
\openout2 = `guide_app_comparison_tools.aux'.

 (./guide_app_comparison_tools.tex [80



]
Appendix A.
[81]

pdfTeX warning: pdflatex.exe (file ./images/Appendix/Comparison_Tools/Compariso
n_Tools_Renew_Net_GCD.pdf): PDF inclusion: found PDF version <1.6>, but at most
 version <1.5> allowed

<./images/Appendix/Comparison_Tools/Comparison_Tools_Renew_Net_GCD.pdf, id=2031
, 799.25603pt x 274.04381pt>
File: ./images/Appendix/Comparison_Tools/Comparison_Tools_Renew_Net_GCD.pdf Gra
phic file (type pdf)

<use ./images/Appendix/Comparison_Tools/Comparison_Tools_Renew_Net_GCD.pdf>
Package pdftex.def Info: ./images/Appendix/Comparison_Tools/Comparison_Tools_Re
new_Net_GCD.pdf used on input line 25.
(pdftex.def)             Requested size: 399.62703pt x 137.02156pt.


pdfTeX warning: pdflatex.exe (file ./images/Appendix/Comparison_Tools/Compariso
n_Tools_Renew_Sim_GCD.pdf): PDF inclusion: found PDF version <1.6>, but at most
 version <1.5> allowed

<./images/Appendix/Comparison_Tools/Comparison_Tools_Renew_Sim_GCD.pdf, id=2032
, 536.05267pt x 327.6541pt>
File: ./images/Appendix/Comparison_Tools/Comparison_Tools_Renew_Sim_GCD.pdf Gra
phic file (type pdf)

<use ./images/Appendix/Comparison_Tools/Comparison_Tools_Renew_Sim_GCD.pdf>
Package pdftex.def Info: ./images/Appendix/Comparison_Tools/Comparison_Tools_Re
new_Sim_GCD.pdf used on input line 42.
(pdftex.def)             Requested size: 375.23431pt x 229.3563pt.

[82 <./images/Appendix/Comparison_Tools/Comparison_Tools_Renew_Net_GCD.pdf>]
[83 <./images/Appendix/Comparison_Tools/Comparison_Tools_Renew_Sim_GCD.pdf>]
<./images/Appendix/Comparison_Tools/Comparison_Tools_CPN_Net_GCD.pdf, id=2062, 
740.7675pt x 310.15875pt>
File: ./images/Appendix/Comparison_Tools/Comparison_Tools_CPN_Net_GCD.pdf Graph
ic file (type pdf)

<use ./images/Appendix/Comparison_Tools/Comparison_Tools_CPN_Net_GCD.pdf>
Package pdftex.def Info: ./images/Appendix/Comparison_Tools/Comparison_Tools_CP
N_Net_GCD.pdf used on input line 67.
(pdftex.def)             Requested size: 370.38284pt x 155.079pt.

[84 <./images/Appendix/Comparison_Tools/Comparison_Tools_CPN_Net_GCD.pdf>]
<./images/Appendix/Comparison_Tools/Comparison_Tools_CPN_Sim_GCD.pdf, id=2081, 
779.91376pt x 280.04625pt>
File: ./images/Appendix/Comparison_Tools/Comparison_Tools_CPN_Sim_GCD.pdf Graph
ic file (type pdf)

<use ./images/Appendix/Comparison_Tools/Comparison_Tools_CPN_Sim_GCD.pdf>
Package pdftex.def Info: ./images/Appendix/Comparison_Tools/Comparison_Tools_CP
N_Sim_GCD.pdf used on input line 81.
(pdftex.def)             Requested size: 389.95593pt x 140.02277pt.

[85 <./images/Appendix/Comparison_Tools/Comparison_Tools_CPN_Sim_GCD.pdf>])
[86] (./guideFUB-basic.bbl [87


] [88]
Underfull \hbox (badness 10000) in paragraph at lines 159--162
[]\T1/cmr/m/n/12 ``Design/CPN,'' [][]$https : / / www . informatik . uni-[]hamb
urg . de / TGI / PetriNets /
 []


Underfull \hbox (badness 1342) in paragraph at lines 164--167
[]\T1/cmr/m/n/12 ``CPN Tools comm-s/cpn,'' [][]$http : / / cpntools . org / doc
umentation / concepts /
 []


Underfull \hbox (badness 10000) in paragraph at lines 177--180
[]\T1/cmr/m/n/12 ``CPN Tools state space,'' [][]$http : / / cpntools . org / do
cumentation / tasks /
 []


Underfull \hbox (badness 1502) in paragraph at lines 182--185
[]\T1/cmr/m/n/12 ``CPN Tools state space mes-sages,'' [][]$http : / / cpntools 
. org / cpn2000 / cpn _
 []


Underfull \hbox (badness 10000) in paragraph at lines 196--199
[]\T1/cmr/m/n/12 ``CPN Tools pri-or-ity tran-si-tions,'' [][]$https : / / weste
rgaard . eu / 2010 / 08 /
 []

[89]) [90]
\openout2 = `guide_back.aux'.

 (./guide_back.tex
<logo-uni2.pdf, id=2196, 455.40047pt x 442.14685pt>
File: logo-uni2.pdf Graphic file (type pdf)
 <use logo-uni2.pdf>
Package pdftex.def Info: logo-uni2.pdf used on input line 27.
(pdftex.def)             Requested size: 398.33858pt x 386.76285pt.

[91



 <./logo-uni2.pdf>])
Package atveryend Info: Empty hook `BeforeClearDocument' on input line 151.
Package atveryend Info: Empty hook `AfterLastShipout' on input line 151.
 (./guideFUB-basic.aux (./guide_fronts.aux)
(./self_declaration.aux) (./guide_dedication.aux) (./guide_acknowledgments.aux)
(./guide_abstract.aux) (./guide_ch1.aux) (./guide_ch2.aux) (./guide_ch3.aux)
(./guide_ch4.aux) (./guide_ch5.aux) (./guide_ch6.aux) (./guide_ch7.aux)
(./guide_app_comparison_tools.aux) (./guide_back.aux))
Package atveryend Info: Executing hook `AtVeryEndDocument' on input line 151.
Package atveryend Info: Executing hook `AtEndAfterFileList' on input line 151.
Package rerunfilecheck Info: File `guideFUB-basic.out' has not changed.
(rerunfilecheck)             Checksum: 1034AAA288219D01B8E0AEB37B8E1BE5;2359.
Package atveryend Info: Empty hook `AtVeryVeryEnd' on input line 151.
 )
(\end occurred inside a group at level 1)

### simple group (level 1) entered at line 11 ({)
### bottom level 
Here is how much of TeX's memory you used:
 22087 strings out of 492995
 399690 string characters out of 6136402
 521578 words of memory out of 5000000
 24376 multiletter control sequences out of 15000+600000
 42736 words of font info for 100 fonts, out of 8000000 for 9000
 1141 hyphenation exceptions out of 8191
 62i,14n,86p,1805b,1856s stack positions out of 5000i,500n,10000p,200000b,80000s
{c:/texlive/2017/texmf-dist/fonts/enc/dvips/cm-super/cm-super-t
1.enc}{c:/texlive/2017/texmf-dist/fonts/enc/dvips/cm-super/cm-super-ts1.enc}<c:
/texlive/2017/texmf-dist/fonts/type1/public/amsfonts/cm/cmex10.pfb><c:/texlive/
2017/texmf-dist/fonts/type1/public/amsfonts/cm/cmmi12.pfb><c:/texlive/2017/texm
f-dist/fonts/type1/public/amsfonts/cm/cmmi6.pfb><c:/texlive/2017/texmf-dist/fon
ts/type1/public/amsfonts/cm/cmmi8.pfb><c:/texlive/2017/texmf-dist/fonts/type1/p
ublic/amsfonts/cm/cmr12.pfb><c:/texlive/2017/texmf-dist/fonts/type1/public/amsf
onts/cm/cmr6.pfb><c:/texlive/2017/texmf-dist/fonts/type1/public/amsfonts/cm/cmr
8.pfb><c:/texlive/2017/texmf-dist/fonts/type1/public/amsfonts/cm/cmsy10.pfb><c:
/texlive/2017/texmf-dist/fonts/type1/public/amsfonts/cm/cmsy6.pfb><c:/texlive/2
017/texmf-dist/fonts/type1/public/amsfonts/cm/cmsy8.pfb><c:/texlive/2017/texmf-
dist/fonts/type1/public/amsfonts/cm/cmti10.pfb><c:/texlive/2017/texmf-dist/font
s/type1/public/amsfonts/cm/cmti12.pfb><c:/texlive/2017/texmf-dist/fonts/type1/p
ublic/amsfonts/cm/cmti7.pfb><c:/texlive/2017/texmf-dist/fonts/type1/public/amsf
onts/cm/cmti8.pfb><c:/texlive/2017/texmf-dist/fonts/type1/public/amsfonts/symbo
ls/msam10.pfb><c:/texlive/2017/texmf-dist/fonts/type1/public/amsfonts/symbols/m
sbm10.pfb><c:/texlive/2017/texmf-dist/fonts/type1/public/rsfs/rsfs10.pfb><c:/te
xlive/2017/texmf-dist/fonts/type1/public/cm-super/sfbi1095.pfb><c:/texlive/2017
/texmf-dist/fonts/type1/public/cm-super/sfbi1200.pfb><c:/texlive/2017/texmf-dis
t/fonts/type1/public/cm-super/sfbx1000.pfb><c:/texlive/2017/texmf-dist/fonts/ty
pe1/public/cm-super/sfbx1200.pfb><c:/texlive/2017/texmf-dist/fonts/type1/public
/cm-super/sfbx1440.pfb><c:/texlive/2017/texmf-dist/fonts/type1/public/cm-super/
sfbx1728.pfb><c:/texlive/2017/texmf-dist/fonts/type1/public/cm-super/sfbx2074.p
fb><c:/texlive/2017/texmf-dist/fonts/type1/public/cm-super/sfbx2488.pfb><c:/tex
live/2017/texmf-dist/fonts/type1/public/cm-super/sfcc1440.pfb><c:/texlive/2017/
texmf-dist/fonts/type1/public/cm-super/sfcc2488.pfb><c:/texlive/2017/texmf-dist
/fonts/type1/public/cm-super/sfrm0700.pfb><c:/texlive/2017/texmf-dist/fonts/typ
e1/public/cm-super/sfrm0800.pfb><c:/texlive/2017/texmf-dist/fonts/type1/public/
cm-super/sfrm1000.pfb><c:/texlive/2017/texmf-dist/fonts/type1/public/cm-super/s
frm1095.pfb><c:/texlive/2017/texmf-dist/fonts/type1/public/cm-super/sfrm1200.pf
b><c:/texlive/2017/texmf-dist/fonts/type1/public/cm-super/sfrm1440.pfb><c:/texl
ive/2017/texmf-dist/fonts/type1/public/cm-super/sfrm1728.pfb><c:/texlive/2017/t
exmf-dist/fonts/type1/public/cm-super/sfrm2488.pfb><c:/texlive/2017/texmf-dist/
fonts/type1/public/cm-super/sfsl1200.pfb><c:/texlive/2017/texmf-dist/fonts/type
1/public/cm-super/sfti1000.pfb><c:/texlive/2017/texmf-dist/fonts/type1/public/c
m-super/sfti1095.pfb><c:/texlive/2017/texmf-dist/fonts/type1/public/cm-super/sf
ti1200.pfb><c:/texlive/2017/texmf-dist/fonts/type1/public/cm-super/sfti1440.pfb
><c:/texlive/2017/texmf-dist/fonts/type1/public/cm-super/sftt1200.pfb><c:/texli
ve/2017/texmf-dist/fonts/type1/public/cm-super/sfxc1200.pfb>
Output written on guideFUB-basic.pdf (105 pages, 2756646 bytes).
PDF statistics:
 2479 PDF objects out of 2487 (max. 8388607)
 2065 compressed objects within 21 object streams
 663 named destinations out of 1000 (max. 500000)
 571 words of extra memory for PDF output out of 10000 (max. 10000000)

